********************************************************************************
product = WebSphere Application Server 17.0.0.3 (wlp-1.0.18.cl170320170927-1854)
wlp.install.dir = C:/Proyectos/WorkSpace Packet TEC/runtime environment/
java.home = C:\Program Files\Java\jre1.8.0_144
java.version = 1.8.0_144
java.runtime = Java(TM) SE Runtime Environment (1.8.0_144-b01)
os = Windows 10 (10.0; amd64) (es_CR)
process = 14520@Brayan
********************************************************************************
[26/11/17 17:42:40:833 CST] 00000001 com.ibm.ws.kernel.launch.internal.FrameworkManager           A CWWKE0001I: The server PacketTecServer has been launched.
[26/11/17 17:42:40:989 CST] 00000001 com.ibm.ws.kernel.launch.internal.FrameworkManager           A CWWKE0100I: This product is licensed for development, and limited production use. The full license terms can be viewed here: https://public.dhe.ibm.com/ibmdl/export/pub/software/websphere/wasdev/license/base_ilan/ilan/17.0.0.3/lafiles/es.html
[26/11/17 17:42:45:412 CST] 00000001 com.ibm.ws.kernel.launch.internal.FrameworkManager           I CWWKE0002I: The kernel started after 5.577 seconds
[26/11/17 17:42:45:708 CST] 00000018 com.ibm.ws.kernel.feature.internal.FeatureManager            I CWWKF0007I: La actualización de características se ha iniciado.
[26/11/17 17:42:48:678 CST] 00000011 com.ibm.ws.security.ready.internal.SecurityReadyServiceImpl  I CWWKS0007I: El servicio de seguridad se está iniciando...
[26/11/17 17:42:50:642 CST] 00000011 ibm.ws.security.authentication.internal.jaas.JAASServiceImpl I CWWKS1123I: Se ha activado el plugin de autenticación colectivo con el nombre de clase NullCollectiveAuthenticationPlugin. 
[26/11/17 17:42:50:782 CST] 0000001b com.ibm.ws.security.token.ltpa.internal.LTPAKeyCreateTask    I CWWKS4105I: La configuración de LTPA estará lista después de 0.203 segundos.
[26/11/17 17:42:51:611 CST] 00000011 com.ibm.ws.app.manager.internal.monitor.DropinMonitor        A CWWKZ0058I: Supervisando aplicaciones de dropins. 
[26/11/17 17:42:51:919 CST] 0000001f com.ibm.ws.tcpchannel.internal.TCPChannel                    I CWWKO0219I: El canal TCP defaultHttpEndpoint se ha iniciado y ahora está a la escucha de solicitudes en el host tonec.com  (IPv4: 127.0.0.1) puerto 9080.
[26/11/17 17:42:53:772 CST] 00000011 com.ibm.ws.cache.ServerCache                                 I DYNA1001I: La instancia de memoria caché dinámica de WebSphere con nombre baseCache se ha inicializado correctamente.
[26/11/17 17:42:53:779 CST] 00000011 com.ibm.ws.cache.ServerCache                                 I DYNA1071I: Se está utilizando el proveedor de memoria caché default.
[26/11/17 17:42:53:781 CST] 00000011 com.ibm.ws.cache.CacheServiceImpl                            I DYNA1056I: La memoria caché dinámica (memoria caché de objeto) se ha inicializado correctamente.
[26/11/17 17:42:54:896 CST] 00000029 com.ibm.ws.app.manager.AppMessageHelper                      I CWWKZ0018I: Iniciando la aplicación PacketTecServer.
[26/11/17 17:43:01:115 CST] 00000029 com.ibm.ws.logging.internal.impl.IncidentImpl                I FFDC1015I: Se ha creado una incidencia FFDC: "java.lang.IllegalArgumentException com.ibm.ws.anno.targets.internal.AnnotationTargetsImpl_Targets 529" en ffdc_17.11.26_17.42.59.0.log
[26/11/17 17:43:01:140 CST] 00000029 m.ibm.ws.anno.targets.internal.AnnotationTargetsImpl_Targets W CWWKC0044W: Se ha producido una excepción durante la exploración de datos de anotaciones y clases. La excepción ha sido java.lang.IllegalArgumentException
	at org.objectweb.asm.ClassReader.<init>(Unknown Source)
	at org.objectweb.asm.ClassReader.<init>(Unknown Source)
	at org.objectweb.asm.ClassReader.<init>(Unknown Source)
	at com.ibm.ws.anno.targets.internal.AnnotationTargetsImpl_Targets.scanClass(AnnotationTargetsImpl_Targets.java:495)
	at com.ibm.ws.anno.targets.internal.AnnotationTargetsImpl_Streamer.process(AnnotationTargetsImpl_Streamer.java:88)
	at com.ibm.ws.anno.classsource.internal.ClassSourceImpl_MappedContainer.process(ClassSourceImpl_MappedContainer.java:351)
	at com.ibm.ws.anno.classsource.internal.ClassSourceImpl_MappedContainer.scanClasses(ClassSourceImpl_MappedContainer.java:283)
	at com.ibm.ws.anno.classsource.internal.ClassSourceImpl_MappedContainer.scanClasses(ClassSourceImpl_MappedContainer.java:128)
	at com.ibm.ws.anno.classsource.internal.ClassSourceImpl_Aggregate.scanClasses(ClassSourceImpl_Aggregate.java:369)
	at com.ibm.ws.anno.targets.internal.AnnotationTargetsImpl_Scanner.scanClasses(AnnotationTargetsImpl_Scanner.java:254)
	at com.ibm.ws.anno.targets.internal.AnnotationTargetsImpl_Scanner.scanDirect(AnnotationTargetsImpl_Scanner.java:216)
	at com.ibm.ws.anno.targets.internal.AnnotationTargetsImpl_Targets.doScanDirectClasses(AnnotationTargetsImpl_Targets.java:379)
	at com.ibm.ws.anno.targets.internal.AnnotationTargetsImpl_Targets.scanDirectClasses(AnnotationTargetsImpl_Targets.java:348)
	at com.ibm.ws.anno.targets.internal.AnnotationTargetsImpl_Targets.selectAnnotatedTargets(AnnotationTargetsImpl_Targets.java:1746)
	at com.ibm.ws.anno.targets.internal.AnnotationTargetsImpl_Targets.getAnnotatedClasses(AnnotationTargetsImpl_Targets.java:913)
	at com.ibm.ws.anno.targets.internal.AnnotationTargetsImpl_Targets.getAnnotatedClasses(AnnotationTargetsImpl_Targets.java:983)
	at com.ibm.ws.container.service.annotations.internal.WebAnnotationsImpl$FragmentAnnotationsImpl.selectAnnotatedClasses(WebAnnotationsImpl.java:453)
	at com.ibm.ws.webcontainer.osgi.container.config.WebAppConfiguratorHelper.configureFromAnnotations(WebAppConfiguratorHelper.java:778)
	at com.ibm.ws.webcontainer.osgi.container.config.WebAppConfigurator.configure(WebAppConfigurator.java:414)
	at com.ibm.ws.webcontainer.osgi.container.config.WebAppConfigurationAdapter.adapt(WebAppConfigurationAdapter.java:115)
	at com.ibm.ws.webcontainer.osgi.container.config.WebAppConfigurationAdapter.adapt(WebAppConfigurationAdapter.java:43)
	at com.ibm.ws.adaptable.module.internal.AdapterFactoryServiceImpl.adapt(AdapterFactoryServiceImpl.java:192)
	at com.ibm.ws.adaptable.module.internal.AdaptableContainerImpl.adapt(AdaptableContainerImpl.java:170)
	at com.ibm.ws.webcontainer.osgi.WebContainer.createModuleMetaData(WebContainer.java:820)
	at com.ibm.ws.app.manager.module.internal.ModuleHandlerBase.createModuleMetaData(ModuleHandlerBase.java:63)
	at com.ibm.ws.app.manager.module.internal.SimpleDeployedAppInfoBase$ModuleContainerInfoBase.createModuleMetaData(SimpleDeployedAppInfoBase.java:168)
	at com.ibm.ws.app.manager.module.internal.DeployedAppInfoBase.preDeployApp(DeployedAppInfoBase.java:363)
	at com.ibm.ws.app.manager.module.internal.DeployedAppInfoBase.deployApp(DeployedAppInfoBase.java:402)
	at com.ibm.ws.app.manager.war.internal.WARApplicationHandlerImpl.install(WARApplicationHandlerImpl.java:65)
	at com.ibm.ws.app.manager.internal.statemachine.StartAction.execute(StartAction.java:140)
	at com.ibm.ws.app.manager.internal.statemachine.ApplicationStateMachineImpl.enterState(ApplicationStateMachineImpl.java:1258)
	at com.ibm.ws.app.manager.internal.statemachine.ApplicationStateMachineImpl.run(ApplicationStateMachineImpl.java:873)
	at java.util.concurrent.ThreadPoolExecutor.runWorker(Unknown Source)
	at java.util.concurrent.ThreadPoolExecutor$Worker.run(Unknown Source)
	at java.lang.Thread.run(Unknown Source)
.
[26/11/17 17:43:03:106 CST] 00000029 org.jboss.weld.Version                                       I WELD-000900: 2.4.3 (Final)
[26/11/17 17:43:03:487 CST] 00000029 m.ibm.ws.anno.targets.internal.AnnotationTargetsImpl_Targets W CWWKC0044W: Se ha producido una excepción durante la exploración de datos de anotaciones y clases. La excepción ha sido java.lang.IllegalArgumentException
	at org.objectweb.asm.ClassReader.<init>(Unknown Source)
	at org.objectweb.asm.ClassReader.<init>(Unknown Source)
	at org.objectweb.asm.ClassReader.<init>(Unknown Source)
	at com.ibm.ws.anno.targets.internal.AnnotationTargetsImpl_Targets.scanClass(AnnotationTargetsImpl_Targets.java:495)
	at com.ibm.ws.anno.targets.internal.AnnotationTargetsImpl_Streamer.process(AnnotationTargetsImpl_Streamer.java:88)
	at com.ibm.ws.anno.classsource.internal.ClassSourceImpl_MappedContainer.process(ClassSourceImpl_MappedContainer.java:351)
	at com.ibm.ws.anno.classsource.internal.ClassSourceImpl_MappedContainer.scanClasses(ClassSourceImpl_MappedContainer.java:283)
	at com.ibm.ws.anno.classsource.internal.ClassSourceImpl_MappedContainer.scanClasses(ClassSourceImpl_MappedContainer.java:128)
	at com.ibm.ws.anno.classsource.internal.ClassSourceImpl_Aggregate.scanClasses(ClassSourceImpl_Aggregate.java:369)
	at com.ibm.ws.anno.targets.internal.AnnotationTargetsImpl_Scanner.scanClasses(AnnotationTargetsImpl_Scanner.java:254)
	at com.ibm.ws.anno.targets.internal.AnnotationTargetsImpl_Scanner.scanDirect(AnnotationTargetsImpl_Scanner.java:216)
	at com.ibm.ws.anno.targets.internal.AnnotationTargetsImpl_Targets.doScanDirectClasses(AnnotationTargetsImpl_Targets.java:379)
	at com.ibm.ws.anno.targets.internal.AnnotationTargetsImpl_Targets.scanDirectClasses(AnnotationTargetsImpl_Targets.java:348)
	at com.ibm.ws.anno.targets.internal.AnnotationTargetsImpl_Targets.getAllInheritedAnnotatedClasses(AnnotationTargetsImpl_Targets.java:1025)
	at com.ibm.ws.anno.targets.internal.AnnotationTargetsImpl_Targets.getAllInheritedAnnotatedClasses(AnnotationTargetsImpl_Targets.java:1017)
	at com.ibm.ws.container.service.annotations.internal.ContainerAnnotationsAdapter$ContainerAnnotationsImpl.getClassesWithSpecifiedInheritedAnnotations(ContainerAnnotationsAdapter.java:139)
	at com.ibm.ws.cdi.liberty.CDIArchiveImpl.getClassesWithSpecifiedInheritedAnnotations(CDIArchiveImpl.java:427)
	at com.ibm.ws.cdi.liberty.CDIArchiveImpl.getAnnotatedClasses(CDIArchiveImpl.java:413)
	at com.ibm.ws.cdi.interfaces.AbstractCDIArchive.getBeanDefiningAnnotations(AbstractCDIArchive.java:269)
	at com.ibm.ws.cdi.impl.weld.BeanDeploymentArchiveImpl.scanForBeanDefiningAnnotations(BeanDeploymentArchiveImpl.java:240)
	at com.ibm.ws.cdi.impl.weld.BeanDeploymentArchiveImpl.scanForBeanDefiningAnnotations(BeanDeploymentArchiveImpl.java:253)
	at com.ibm.ws.cdi.impl.weld.WebSphereCDIDeploymentImpl.scan(WebSphereCDIDeploymentImpl.java:583)
	at com.ibm.ws.cdi.impl.CDIContainerImpl.applicationStarting(CDIContainerImpl.java:120)
	at com.ibm.ws.cdi.liberty.CDIRuntimeImpl.applicationStarting(CDIRuntimeImpl.java:379)
	at com.ibm.ws.container.service.state.internal.ApplicationStateManager.fireStarting(ApplicationStateManager.java:28)
	at com.ibm.ws.container.service.state.internal.StateChangeServiceImpl.fireApplicationStarting(StateChangeServiceImpl.java:50)
	at com.ibm.ws.app.manager.module.internal.DeployedAppInfoBase.preDeployApp(DeployedAppInfoBase.java:375)
	at com.ibm.ws.app.manager.module.internal.DeployedAppInfoBase.deployApp(DeployedAppInfoBase.java:402)
	at com.ibm.ws.app.manager.war.internal.WARApplicationHandlerImpl.install(WARApplicationHandlerImpl.java:65)
	at com.ibm.ws.app.manager.internal.statemachine.StartAction.execute(StartAction.java:140)
	at com.ibm.ws.app.manager.internal.statemachine.ApplicationStateMachineImpl.enterState(ApplicationStateMachineImpl.java:1258)
	at com.ibm.ws.app.manager.internal.statemachine.ApplicationStateMachineImpl.run(ApplicationStateMachineImpl.java:873)
	at java.util.concurrent.ThreadPoolExecutor.runWorker(Unknown Source)
	at java.util.concurrent.ThreadPoolExecutor$Worker.run(Unknown Source)
	at java.lang.Thread.run(Unknown Source)
.
[26/11/17 17:43:03:521 CST] 00000029 m.ibm.ws.anno.targets.internal.AnnotationTargetsImpl_Targets W CWWKC0044W: Se ha producido una excepción durante la exploración de datos de anotaciones y clases. La excepción ha sido java.lang.IllegalArgumentException
	at org.objectweb.asm.ClassReader.<init>(Unknown Source)
	at org.objectweb.asm.ClassReader.<init>(Unknown Source)
	at org.objectweb.asm.ClassReader.<init>(Unknown Source)
	at com.ibm.ws.anno.targets.internal.AnnotationTargetsImpl_Targets.scanClass(AnnotationTargetsImpl_Targets.java:495)
	at com.ibm.ws.anno.targets.internal.AnnotationTargetsImpl_Streamer.process(AnnotationTargetsImpl_Streamer.java:88)
	at com.ibm.ws.anno.classsource.internal.ClassSourceImpl_MappedContainer.process(ClassSourceImpl_MappedContainer.java:351)
	at com.ibm.ws.anno.classsource.internal.ClassSourceImpl_MappedContainer.scanClasses(ClassSourceImpl_MappedContainer.java:283)
	at com.ibm.ws.anno.classsource.internal.ClassSourceImpl_MappedContainer.scanClasses(ClassSourceImpl_MappedContainer.java:128)
	at com.ibm.ws.anno.classsource.internal.ClassSourceImpl_Aggregate.scanClasses(ClassSourceImpl_Aggregate.java:369)
	at com.ibm.ws.anno.targets.internal.AnnotationTargetsImpl_Scanner.scanClasses(AnnotationTargetsImpl_Scanner.java:254)
	at com.ibm.ws.anno.targets.internal.AnnotationTargetsImpl_Scanner.scanDirect(AnnotationTargetsImpl_Scanner.java:216)
	at com.ibm.ws.anno.targets.internal.AnnotationTargetsImpl_Targets.doScanDirectClasses(AnnotationTargetsImpl_Targets.java:379)
	at com.ibm.ws.anno.targets.internal.AnnotationTargetsImpl_Targets.scanDirectClasses(AnnotationTargetsImpl_Targets.java:348)
	at com.ibm.ws.anno.targets.internal.AnnotationTargetsImpl_Targets.getAllInheritedAnnotatedClasses(AnnotationTargetsImpl_Targets.java:1025)
	at com.ibm.ws.anno.targets.internal.AnnotationTargetsImpl_Targets.getAllInheritedAnnotatedClasses(AnnotationTargetsImpl_Targets.java:1017)
	at com.ibm.ws.container.service.annotations.internal.ContainerAnnotationsAdapter$ContainerAnnotationsImpl.getClassesWithSpecifiedInheritedAnnotations(ContainerAnnotationsAdapter.java:139)
	at com.ibm.ws.cdi.liberty.CDIArchiveImpl.getClassesWithSpecifiedInheritedAnnotations(CDIArchiveImpl.java:427)
	at com.ibm.ws.cdi.liberty.CDIArchiveImpl.getAnnotatedClasses(CDIArchiveImpl.java:413)
	at com.ibm.ws.cdi.interfaces.AbstractCDIArchive.getBeanDefiningAnnotations(AbstractCDIArchive.java:269)
	at com.ibm.ws.cdi.impl.weld.BeanDeploymentArchiveImpl.scanForBeanDefiningAnnotations(BeanDeploymentArchiveImpl.java:240)
	at com.ibm.ws.cdi.impl.weld.BeanDeploymentArchiveImpl.scanForBeanDefiningAnnotations(BeanDeploymentArchiveImpl.java:253)
	at com.ibm.ws.cdi.impl.weld.WebSphereCDIDeploymentImpl.scan(WebSphereCDIDeploymentImpl.java:583)
	at com.ibm.ws.cdi.impl.CDIContainerImpl.applicationStarting(CDIContainerImpl.java:120)
	at com.ibm.ws.cdi.liberty.CDIRuntimeImpl.applicationStarting(CDIRuntimeImpl.java:379)
	at com.ibm.ws.container.service.state.internal.ApplicationStateManager.fireStarting(ApplicationStateManager.java:28)
	at com.ibm.ws.container.service.state.internal.StateChangeServiceImpl.fireApplicationStarting(StateChangeServiceImpl.java:50)
	at com.ibm.ws.app.manager.module.internal.DeployedAppInfoBase.preDeployApp(DeployedAppInfoBase.java:375)
	at com.ibm.ws.app.manager.module.internal.DeployedAppInfoBase.deployApp(DeployedAppInfoBase.java:402)
	at com.ibm.ws.app.manager.war.internal.WARApplicationHandlerImpl.install(WARApplicationHandlerImpl.java:65)
	at com.ibm.ws.app.manager.internal.statemachine.StartAction.execute(StartAction.java:140)
	at com.ibm.ws.app.manager.internal.statemachine.ApplicationStateMachineImpl.enterState(ApplicationStateMachineImpl.java:1258)
	at com.ibm.ws.app.manager.internal.statemachine.ApplicationStateMachineImpl.run(ApplicationStateMachineImpl.java:873)
	at java.util.concurrent.ThreadPoolExecutor.runWorker(Unknown Source)
	at java.util.concurrent.ThreadPoolExecutor$Worker.run(Unknown Source)
	at java.lang.Thread.run(Unknown Source)
.
[26/11/17 17:43:04:226 CST] 00000029 m.ibm.ws.anno.targets.internal.AnnotationTargetsImpl_Targets W CWWKC0044W: Se ha producido una excepción durante la exploración de datos de anotaciones y clases. La excepción ha sido java.lang.IllegalArgumentException
	at org.objectweb.asm.ClassReader.<init>(Unknown Source)
	at org.objectweb.asm.ClassReader.<init>(Unknown Source)
	at org.objectweb.asm.ClassReader.<init>(Unknown Source)
	at com.ibm.ws.anno.targets.internal.AnnotationTargetsImpl_Targets.scanClass(AnnotationTargetsImpl_Targets.java:495)
	at com.ibm.ws.anno.targets.internal.AnnotationTargetsImpl_Streamer.process(AnnotationTargetsImpl_Streamer.java:88)
	at com.ibm.ws.anno.classsource.internal.ClassSourceImpl_MappedContainer.process(ClassSourceImpl_MappedContainer.java:351)
	at com.ibm.ws.anno.classsource.internal.ClassSourceImpl_MappedContainer.scanClasses(ClassSourceImpl_MappedContainer.java:283)
	at com.ibm.ws.anno.classsource.internal.ClassSourceImpl_MappedContainer.scanClasses(ClassSourceImpl_MappedContainer.java:128)
	at com.ibm.ws.anno.classsource.internal.ClassSourceImpl_Aggregate.scanClasses(ClassSourceImpl_Aggregate.java:369)
	at com.ibm.ws.anno.targets.internal.AnnotationTargetsImpl_Scanner.scanClasses(AnnotationTargetsImpl_Scanner.java:254)
	at com.ibm.ws.anno.targets.internal.AnnotationTargetsImpl_Scanner.scanDirect(AnnotationTargetsImpl_Scanner.java:216)
	at com.ibm.ws.anno.targets.internal.AnnotationTargetsImpl_Targets.doScanDirectClasses(AnnotationTargetsImpl_Targets.java:379)
	at com.ibm.ws.anno.targets.internal.AnnotationTargetsImpl_Targets.scanDirectClasses(AnnotationTargetsImpl_Targets.java:348)
	at com.ibm.ws.anno.targets.internal.AnnotationTargetsImpl_Targets.getAllInheritedAnnotatedClasses(AnnotationTargetsImpl_Targets.java:1025)
	at com.ibm.ws.anno.targets.internal.AnnotationTargetsImpl_Targets.getAllInheritedAnnotatedClasses(AnnotationTargetsImpl_Targets.java:1017)
	at com.ibm.ws.container.service.annotations.internal.ContainerAnnotationsAdapter$ContainerAnnotationsImpl.getClassesWithSpecifiedInheritedAnnotations(ContainerAnnotationsAdapter.java:139)
	at com.ibm.ws.cdi.liberty.CDIArchiveImpl.getClassesWithSpecifiedInheritedAnnotations(CDIArchiveImpl.java:427)
	at com.ibm.ws.cdi.liberty.CDIArchiveImpl.getAnnotatedClasses(CDIArchiveImpl.java:413)
	at com.ibm.ws.cdi.interfaces.AbstractCDIArchive.getBeanDefiningAnnotations(AbstractCDIArchive.java:269)
	at com.ibm.ws.cdi.impl.weld.BeanDeploymentArchiveImpl.scanForBeanDefiningAnnotations(BeanDeploymentArchiveImpl.java:240)
	at com.ibm.ws.cdi.impl.weld.BeanDeploymentArchiveImpl.scanForBeanDefiningAnnotations(BeanDeploymentArchiveImpl.java:253)
	at com.ibm.ws.cdi.impl.weld.WebSphereCDIDeploymentImpl.scan(WebSphereCDIDeploymentImpl.java:583)
	at com.ibm.ws.cdi.impl.CDIContainerImpl.applicationStarting(CDIContainerImpl.java:120)
	at com.ibm.ws.cdi.liberty.CDIRuntimeImpl.applicationStarting(CDIRuntimeImpl.java:379)
	at com.ibm.ws.container.service.state.internal.ApplicationStateManager.fireStarting(ApplicationStateManager.java:28)
	at com.ibm.ws.container.service.state.internal.StateChangeServiceImpl.fireApplicationStarting(StateChangeServiceImpl.java:50)
	at com.ibm.ws.app.manager.module.internal.DeployedAppInfoBase.preDeployApp(DeployedAppInfoBase.java:375)
	at com.ibm.ws.app.manager.module.internal.DeployedAppInfoBase.deployApp(DeployedAppInfoBase.java:402)
	at com.ibm.ws.app.manager.war.internal.WARApplicationHandlerImpl.install(WARApplicationHandlerImpl.java:65)
	at com.ibm.ws.app.manager.internal.statemachine.StartAction.execute(StartAction.java:140)
	at com.ibm.ws.app.manager.internal.statemachine.ApplicationStateMachineImpl.enterState(ApplicationStateMachineImpl.java:1258)
	at com.ibm.ws.app.manager.internal.statemachine.ApplicationStateMachineImpl.run(ApplicationStateMachineImpl.java:873)
	at java.util.concurrent.ThreadPoolExecutor.runWorker(Unknown Source)
	at java.util.concurrent.ThreadPoolExecutor$Worker.run(Unknown Source)
	at java.lang.Thread.run(Unknown Source)
.
[26/11/17 17:43:04:333 CST] 00000029 m.ibm.ws.anno.targets.internal.AnnotationTargetsImpl_Targets W CWWKC0044W: Se ha producido una excepción durante la exploración de datos de anotaciones y clases. La excepción ha sido java.lang.IllegalArgumentException
	at org.objectweb.asm.ClassReader.<init>(Unknown Source)
	at org.objectweb.asm.ClassReader.<init>(Unknown Source)
	at org.objectweb.asm.ClassReader.<init>(Unknown Source)
	at com.ibm.ws.anno.targets.internal.AnnotationTargetsImpl_Targets.scanClass(AnnotationTargetsImpl_Targets.java:495)
	at com.ibm.ws.anno.targets.internal.AnnotationTargetsImpl_Streamer.process(AnnotationTargetsImpl_Streamer.java:88)
	at com.ibm.ws.anno.classsource.internal.ClassSourceImpl_MappedContainer.process(ClassSourceImpl_MappedContainer.java:351)
	at com.ibm.ws.anno.classsource.internal.ClassSourceImpl_MappedContainer.scanClasses(ClassSourceImpl_MappedContainer.java:283)
	at com.ibm.ws.anno.classsource.internal.ClassSourceImpl_MappedContainer.scanClasses(ClassSourceImpl_MappedContainer.java:128)
	at com.ibm.ws.anno.classsource.internal.ClassSourceImpl_Aggregate.scanClasses(ClassSourceImpl_Aggregate.java:369)
	at com.ibm.ws.anno.targets.internal.AnnotationTargetsImpl_Scanner.scanClasses(AnnotationTargetsImpl_Scanner.java:254)
	at com.ibm.ws.anno.targets.internal.AnnotationTargetsImpl_Scanner.scanDirect(AnnotationTargetsImpl_Scanner.java:216)
	at com.ibm.ws.anno.targets.internal.AnnotationTargetsImpl_Targets.doScanDirectClasses(AnnotationTargetsImpl_Targets.java:379)
	at com.ibm.ws.anno.targets.internal.AnnotationTargetsImpl_Targets.scanDirectClasses(AnnotationTargetsImpl_Targets.java:348)
	at com.ibm.ws.anno.targets.internal.AnnotationTargetsImpl_Targets.getAllInheritedAnnotatedClasses(AnnotationTargetsImpl_Targets.java:1025)
	at com.ibm.ws.anno.targets.internal.AnnotationTargetsImpl_Targets.getAllInheritedAnnotatedClasses(AnnotationTargetsImpl_Targets.java:1017)
	at com.ibm.ws.container.service.annotations.internal.ContainerAnnotationsAdapter$ContainerAnnotationsImpl.getClassesWithSpecifiedInheritedAnnotations(ContainerAnnotationsAdapter.java:139)
	at com.ibm.ws.cdi.liberty.CDIArchiveImpl.getClassesWithSpecifiedInheritedAnnotations(CDIArchiveImpl.java:427)
	at com.ibm.ws.cdi.liberty.CDIArchiveImpl.getAnnotatedClasses(CDIArchiveImpl.java:413)
	at com.ibm.ws.cdi.interfaces.AbstractCDIArchive.getBeanDefiningAnnotations(AbstractCDIArchive.java:269)
	at com.ibm.ws.cdi.impl.weld.BeanDeploymentArchiveImpl.scanForBeanDefiningAnnotations(BeanDeploymentArchiveImpl.java:240)
	at com.ibm.ws.cdi.impl.weld.BeanDeploymentArchiveImpl.scanForBeanDefiningAnnotations(BeanDeploymentArchiveImpl.java:253)
	at com.ibm.ws.cdi.impl.weld.WebSphereCDIDeploymentImpl.scan(WebSphereCDIDeploymentImpl.java:583)
	at com.ibm.ws.cdi.impl.CDIContainerImpl.applicationStarting(CDIContainerImpl.java:120)
	at com.ibm.ws.cdi.liberty.CDIRuntimeImpl.applicationStarting(CDIRuntimeImpl.java:379)
	at com.ibm.ws.container.service.state.internal.ApplicationStateManager.fireStarting(ApplicationStateManager.java:28)
	at com.ibm.ws.container.service.state.internal.StateChangeServiceImpl.fireApplicationStarting(StateChangeServiceImpl.java:50)
	at com.ibm.ws.app.manager.module.internal.DeployedAppInfoBase.preDeployApp(DeployedAppInfoBase.java:375)
	at com.ibm.ws.app.manager.module.internal.DeployedAppInfoBase.deployApp(DeployedAppInfoBase.java:402)
	at com.ibm.ws.app.manager.war.internal.WARApplicationHandlerImpl.install(WARApplicationHandlerImpl.java:65)
	at com.ibm.ws.app.manager.internal.statemachine.StartAction.execute(StartAction.java:140)
	at com.ibm.ws.app.manager.internal.statemachine.ApplicationStateMachineImpl.enterState(ApplicationStateMachineImpl.java:1258)
	at com.ibm.ws.app.manager.internal.statemachine.ApplicationStateMachineImpl.run(ApplicationStateMachineImpl.java:873)
	at java.util.concurrent.ThreadPoolExecutor.runWorker(Unknown Source)
	at java.util.concurrent.ThreadPoolExecutor$Worker.run(Unknown Source)
	at java.lang.Thread.run(Unknown Source)
.
[26/11/17 17:43:17:881 CST] 00000029 m.ibm.ws.anno.targets.internal.AnnotationTargetsImpl_Targets W CWWKC0044W: Se ha producido una excepción durante la exploración de datos de anotaciones y clases. La excepción ha sido java.lang.IllegalArgumentException
	at org.objectweb.asm.ClassReader.<init>(Unknown Source)
	at org.objectweb.asm.ClassReader.<init>(Unknown Source)
	at org.objectweb.asm.ClassReader.<init>(Unknown Source)
	at com.ibm.ws.anno.targets.internal.AnnotationTargetsImpl_Targets.scanClass(AnnotationTargetsImpl_Targets.java:495)
	at com.ibm.ws.anno.targets.internal.AnnotationTargetsImpl_Streamer.process(AnnotationTargetsImpl_Streamer.java:88)
	at com.ibm.ws.anno.classsource.internal.ClassSourceImpl_MappedContainer.process(ClassSourceImpl_MappedContainer.java:351)
	at com.ibm.ws.anno.classsource.internal.ClassSourceImpl_MappedContainer.scanClasses(ClassSourceImpl_MappedContainer.java:283)
	at com.ibm.ws.anno.classsource.internal.ClassSourceImpl_MappedContainer.scanClasses(ClassSourceImpl_MappedContainer.java:128)
	at com.ibm.ws.anno.classsource.internal.ClassSourceImpl_Aggregate.scanClasses(ClassSourceImpl_Aggregate.java:369)
	at com.ibm.ws.anno.targets.internal.AnnotationTargetsImpl_Scanner.scanClasses(AnnotationTargetsImpl_Scanner.java:254)
	at com.ibm.ws.anno.targets.internal.AnnotationTargetsImpl_Scanner.scanDirect(AnnotationTargetsImpl_Scanner.java:216)
	at com.ibm.ws.anno.targets.internal.AnnotationTargetsImpl_Targets.doScanDirectClasses(AnnotationTargetsImpl_Targets.java:379)
	at com.ibm.ws.anno.targets.internal.AnnotationTargetsImpl_Targets.scanDirectClasses(AnnotationTargetsImpl_Targets.java:348)
	at com.ibm.ws.anno.targets.internal.AnnotationTargetsImpl_Targets.getAllInheritedAnnotatedClasses(AnnotationTargetsImpl_Targets.java:1025)
	at com.ibm.ws.anno.targets.internal.AnnotationTargetsImpl_Targets.getAllInheritedAnnotatedClasses(AnnotationTargetsImpl_Targets.java:1017)
	at com.ibm.ws.container.service.annotations.internal.ContainerAnnotationsAdapter$ContainerAnnotationsImpl.getClassesWithSpecifiedInheritedAnnotations(ContainerAnnotationsAdapter.java:139)
	at com.ibm.ws.cdi.liberty.CDIArchiveImpl.getClassesWithSpecifiedInheritedAnnotations(CDIArchiveImpl.java:427)
	at com.ibm.ws.cdi.liberty.CDIArchiveImpl.getAnnotatedClasses(CDIArchiveImpl.java:413)
	at com.ibm.ws.cdi.impl.weld.BeanDeploymentArchiveImpl.scanForBeanClassNames(BeanDeploymentArchiveImpl.java:352)
	at com.ibm.ws.cdi.impl.weld.BeanDeploymentArchiveImpl.scan(BeanDeploymentArchiveImpl.java:309)
	at com.ibm.ws.cdi.impl.weld.BeanDeploymentArchiveImpl.scan(BeanDeploymentArchiveImpl.java:304)
	at com.ibm.ws.cdi.impl.weld.BeanDeploymentArchiveImpl.scan(BeanDeploymentArchiveImpl.java:304)
	at com.ibm.ws.cdi.impl.weld.BeanDeploymentArchiveImpl.scan(BeanDeploymentArchiveImpl.java:304)
	at com.ibm.ws.cdi.impl.weld.BeanDeploymentArchiveImpl.scan(BeanDeploymentArchiveImpl.java:304)
	at com.ibm.ws.cdi.impl.weld.BeanDeploymentArchiveImpl.scan(BeanDeploymentArchiveImpl.java:304)
	at com.ibm.ws.cdi.impl.weld.BeanDeploymentArchiveImpl.scan(BeanDeploymentArchiveImpl.java:304)
	at com.ibm.ws.cdi.impl.weld.BeanDeploymentArchiveImpl.scan(BeanDeploymentArchiveImpl.java:304)
	at com.ibm.ws.cdi.impl.weld.BeanDeploymentArchiveImpl.scan(BeanDeploymentArchiveImpl.java:304)
	at com.ibm.ws.cdi.impl.weld.BeanDeploymentArchiveImpl.scan(BeanDeploymentArchiveImpl.java:304)
	at com.ibm.ws.cdi.impl.weld.BeanDeploymentArchiveImpl.scan(BeanDeploymentArchiveImpl.java:304)
	at com.ibm.ws.cdi.impl.weld.BeanDeploymentArchiveImpl.scan(BeanDeploymentArchiveImpl.java:304)
	at com.ibm.ws.cdi.impl.weld.BeanDeploymentArchiveImpl.scan(BeanDeploymentArchiveImpl.java:304)
	at com.ibm.ws.cdi.impl.weld.BeanDeploymentArchiveImpl.scan(BeanDeploymentArchiveImpl.java:304)
	at com.ibm.ws.cdi.impl.weld.BeanDeploymentArchiveImpl.scan(BeanDeploymentArchiveImpl.java:304)
	at com.ibm.ws.cdi.impl.weld.BeanDeploymentArchiveImpl.scan(BeanDeploymentArchiveImpl.java:304)
	at com.ibm.ws.cdi.impl.weld.BeanDeploymentArchiveImpl.scan(BeanDeploymentArchiveImpl.java:304)
	at com.ibm.ws.cdi.impl.weld.BeanDeploymentArchiveImpl.scan(BeanDeploymentArchiveImpl.java:304)
	at com.ibm.ws.cdi.impl.weld.BeanDeploymentArchiveImpl.scan(BeanDeploymentArchiveImpl.java:304)
	at com.ibm.ws.cdi.impl.weld.BeanDeploymentArchiveImpl.scan(BeanDeploymentArchiveImpl.java:304)
	at com.ibm.ws.cdi.impl.weld.BeanDeploymentArchiveImpl.scan(BeanDeploymentArchiveImpl.java:304)
	at com.ibm.ws.cdi.impl.weld.BeanDeploymentArchiveImpl.scan(BeanDeploymentArchiveImpl.java:304)
	at com.ibm.ws.cdi.impl.weld.BeanDeploymentArchiveImpl.scan(BeanDeploymentArchiveImpl.java:304)
	at com.ibm.ws.cdi.impl.weld.BeanDeploymentArchiveImpl.scan(BeanDeploymentArchiveImpl.java:304)
	at com.ibm.ws.cdi.impl.weld.WebSphereCDIDeploymentImpl.scan(WebSphereCDIDeploymentImpl.java:587)
	at com.ibm.ws.cdi.impl.CDIContainerImpl.applicationStarting(CDIContainerImpl.java:120)
	at com.ibm.ws.cdi.liberty.CDIRuntimeImpl.applicationStarting(CDIRuntimeImpl.java:379)
	at com.ibm.ws.container.service.state.internal.ApplicationStateManager.fireStarting(ApplicationStateManager.java:28)
	at com.ibm.ws.container.service.state.internal.StateChangeServiceImpl.fireApplicationStarting(StateChangeServiceImpl.java:50)
	at com.ibm.ws.app.manager.module.internal.DeployedAppInfoBase.preDeployApp(DeployedAppInfoBase.java:375)
	at com.ibm.ws.app.manager.module.internal.DeployedAppInfoBase.deployApp(DeployedAppInfoBase.java:402)
	at com.ibm.ws.app.manager.war.internal.WARApplicationHandlerImpl.install(WARApplicationHandlerImpl.java:65)
	at com.ibm.ws.app.manager.internal.statemachine.StartAction.execute(StartAction.java:140)
	at com.ibm.ws.app.manager.internal.statemachine.ApplicationStateMachineImpl.enterState(ApplicationStateMachineImpl.java:1258)
	at com.ibm.ws.app.manager.internal.statemachine.ApplicationStateMachineImpl.run(ApplicationStateMachineImpl.java:873)
	at java.util.concurrent.ThreadPoolExecutor.runWorker(Unknown Source)
	at java.util.concurrent.ThreadPoolExecutor$Worker.run(Unknown Source)
	at java.lang.Thread.run(Unknown Source)
.
[26/11/17 17:43:18:015 CST] 00000029 m.ibm.ws.anno.targets.internal.AnnotationTargetsImpl_Targets W CWWKC0044W: Se ha producido una excepción durante la exploración de datos de anotaciones y clases. La excepción ha sido java.lang.IllegalArgumentException
	at org.objectweb.asm.ClassReader.<init>(Unknown Source)
	at org.objectweb.asm.ClassReader.<init>(Unknown Source)
	at org.objectweb.asm.ClassReader.<init>(Unknown Source)
	at com.ibm.ws.anno.targets.internal.AnnotationTargetsImpl_Targets.scanClass(AnnotationTargetsImpl_Targets.java:495)
	at com.ibm.ws.anno.targets.internal.AnnotationTargetsImpl_Streamer.process(AnnotationTargetsImpl_Streamer.java:88)
	at com.ibm.ws.anno.classsource.internal.ClassSourceImpl_MappedContainer.process(ClassSourceImpl_MappedContainer.java:351)
	at com.ibm.ws.anno.classsource.internal.ClassSourceImpl_MappedContainer.scanClasses(ClassSourceImpl_MappedContainer.java:283)
	at com.ibm.ws.anno.classsource.internal.ClassSourceImpl_MappedContainer.scanClasses(ClassSourceImpl_MappedContainer.java:128)
	at com.ibm.ws.anno.classsource.internal.ClassSourceImpl_Aggregate.scanClasses(ClassSourceImpl_Aggregate.java:369)
	at com.ibm.ws.anno.targets.internal.AnnotationTargetsImpl_Scanner.scanClasses(AnnotationTargetsImpl_Scanner.java:254)
	at com.ibm.ws.anno.targets.internal.AnnotationTargetsImpl_Scanner.scanDirect(AnnotationTargetsImpl_Scanner.java:216)
	at com.ibm.ws.anno.targets.internal.AnnotationTargetsImpl_Targets.doScanDirectClasses(AnnotationTargetsImpl_Targets.java:379)
	at com.ibm.ws.anno.targets.internal.AnnotationTargetsImpl_Targets.scanDirectClasses(AnnotationTargetsImpl_Targets.java:348)
	at com.ibm.ws.anno.targets.internal.AnnotationTargetsImpl_Targets.getAllInheritedAnnotatedClasses(AnnotationTargetsImpl_Targets.java:1025)
	at com.ibm.ws.anno.targets.internal.AnnotationTargetsImpl_Targets.getAllInheritedAnnotatedClasses(AnnotationTargetsImpl_Targets.java:1017)
	at com.ibm.ws.container.service.annotations.internal.ContainerAnnotationsAdapter$ContainerAnnotationsImpl.getClassesWithSpecifiedInheritedAnnotations(ContainerAnnotationsAdapter.java:139)
	at com.ibm.ws.cdi.liberty.CDIArchiveImpl.getClassesWithSpecifiedInheritedAnnotations(CDIArchiveImpl.java:427)
	at com.ibm.ws.cdi.liberty.CDIArchiveImpl.getAnnotatedClasses(CDIArchiveImpl.java:413)
	at com.ibm.ws.cdi.impl.weld.BeanDeploymentArchiveImpl.scanForBeanClassNames(BeanDeploymentArchiveImpl.java:352)
	at com.ibm.ws.cdi.impl.weld.BeanDeploymentArchiveImpl.scan(BeanDeploymentArchiveImpl.java:309)
	at com.ibm.ws.cdi.impl.weld.BeanDeploymentArchiveImpl.scan(BeanDeploymentArchiveImpl.java:304)
	at com.ibm.ws.cdi.impl.weld.BeanDeploymentArchiveImpl.scan(BeanDeploymentArchiveImpl.java:304)
	at com.ibm.ws.cdi.impl.weld.BeanDeploymentArchiveImpl.scan(BeanDeploymentArchiveImpl.java:304)
	at com.ibm.ws.cdi.impl.weld.BeanDeploymentArchiveImpl.scan(BeanDeploymentArchiveImpl.java:304)
	at com.ibm.ws.cdi.impl.weld.BeanDeploymentArchiveImpl.scan(BeanDeploymentArchiveImpl.java:304)
	at com.ibm.ws.cdi.impl.weld.BeanDeploymentArchiveImpl.scan(BeanDeploymentArchiveImpl.java:304)
	at com.ibm.ws.cdi.impl.weld.BeanDeploymentArchiveImpl.scan(BeanDeploymentArchiveImpl.java:304)
	at com.ibm.ws.cdi.impl.weld.BeanDeploymentArchiveImpl.scan(BeanDeploymentArchiveImpl.java:304)
	at com.ibm.ws.cdi.impl.weld.BeanDeploymentArchiveImpl.scan(BeanDeploymentArchiveImpl.java:304)
	at com.ibm.ws.cdi.impl.weld.BeanDeploymentArchiveImpl.scan(BeanDeploymentArchiveImpl.java:304)
	at com.ibm.ws.cdi.impl.weld.BeanDeploymentArchiveImpl.scan(BeanDeploymentArchiveImpl.java:304)
	at com.ibm.ws.cdi.impl.weld.BeanDeploymentArchiveImpl.scan(BeanDeploymentArchiveImpl.java:304)
	at com.ibm.ws.cdi.impl.weld.BeanDeploymentArchiveImpl.scan(BeanDeploymentArchiveImpl.java:304)
	at com.ibm.ws.cdi.impl.weld.BeanDeploymentArchiveImpl.scan(BeanDeploymentArchiveImpl.java:304)
	at com.ibm.ws.cdi.impl.weld.BeanDeploymentArchiveImpl.scan(BeanDeploymentArchiveImpl.java:304)
	at com.ibm.ws.cdi.impl.weld.BeanDeploymentArchiveImpl.scan(BeanDeploymentArchiveImpl.java:304)
	at com.ibm.ws.cdi.impl.weld.BeanDeploymentArchiveImpl.scan(BeanDeploymentArchiveImpl.java:304)
	at com.ibm.ws.cdi.impl.weld.WebSphereCDIDeploymentImpl.scan(WebSphereCDIDeploymentImpl.java:587)
	at com.ibm.ws.cdi.impl.CDIContainerImpl.applicationStarting(CDIContainerImpl.java:120)
	at com.ibm.ws.cdi.liberty.CDIRuntimeImpl.applicationStarting(CDIRuntimeImpl.java:379)
	at com.ibm.ws.container.service.state.internal.ApplicationStateManager.fireStarting(ApplicationStateManager.java:28)
	at com.ibm.ws.container.service.state.internal.StateChangeServiceImpl.fireApplicationStarting(StateChangeServiceImpl.java:50)
	at com.ibm.ws.app.manager.module.internal.DeployedAppInfoBase.preDeployApp(DeployedAppInfoBase.java:375)
	at com.ibm.ws.app.manager.module.internal.DeployedAppInfoBase.deployApp(DeployedAppInfoBase.java:402)
	at com.ibm.ws.app.manager.war.internal.WARApplicationHandlerImpl.install(WARApplicationHandlerImpl.java:65)
	at com.ibm.ws.app.manager.internal.statemachine.StartAction.execute(StartAction.java:140)
	at com.ibm.ws.app.manager.internal.statemachine.ApplicationStateMachineImpl.enterState(ApplicationStateMachineImpl.java:1258)
	at com.ibm.ws.app.manager.internal.statemachine.ApplicationStateMachineImpl.run(ApplicationStateMachineImpl.java:873)
	at java.util.concurrent.ThreadPoolExecutor.runWorker(Unknown Source)
	at java.util.concurrent.ThreadPoolExecutor$Worker.run(Unknown Source)
	at java.lang.Thread.run(Unknown Source)
.
[26/11/17 17:43:20:492 CST] 00000029 m.ibm.ws.anno.targets.internal.AnnotationTargetsImpl_Targets W CWWKC0044W: Se ha producido una excepción durante la exploración de datos de anotaciones y clases. La excepción ha sido java.lang.IllegalArgumentException
	at org.objectweb.asm.ClassReader.<init>(Unknown Source)
	at org.objectweb.asm.ClassReader.<init>(Unknown Source)
	at org.objectweb.asm.ClassReader.<init>(Unknown Source)
	at com.ibm.ws.anno.targets.internal.AnnotationTargetsImpl_Targets.scanClass(AnnotationTargetsImpl_Targets.java:495)
	at com.ibm.ws.anno.targets.internal.AnnotationTargetsImpl_Streamer.process(AnnotationTargetsImpl_Streamer.java:88)
	at com.ibm.ws.anno.classsource.internal.ClassSourceImpl_MappedContainer.process(ClassSourceImpl_MappedContainer.java:351)
	at com.ibm.ws.anno.classsource.internal.ClassSourceImpl_MappedContainer.scanClasses(ClassSourceImpl_MappedContainer.java:283)
	at com.ibm.ws.anno.classsource.internal.ClassSourceImpl_MappedContainer.scanClasses(ClassSourceImpl_MappedContainer.java:128)
	at com.ibm.ws.anno.classsource.internal.ClassSourceImpl_Aggregate.scanClasses(ClassSourceImpl_Aggregate.java:369)
	at com.ibm.ws.anno.targets.internal.AnnotationTargetsImpl_Scanner.scanClasses(AnnotationTargetsImpl_Scanner.java:254)
	at com.ibm.ws.anno.targets.internal.AnnotationTargetsImpl_Scanner.scanDirect(AnnotationTargetsImpl_Scanner.java:216)
	at com.ibm.ws.anno.targets.internal.AnnotationTargetsImpl_Targets.doScanDirectClasses(AnnotationTargetsImpl_Targets.java:379)
	at com.ibm.ws.anno.targets.internal.AnnotationTargetsImpl_Targets.scanDirectClasses(AnnotationTargetsImpl_Targets.java:348)
	at com.ibm.ws.anno.targets.internal.AnnotationTargetsImpl_Targets.getAllInheritedAnnotatedClasses(AnnotationTargetsImpl_Targets.java:1025)
	at com.ibm.ws.anno.targets.internal.AnnotationTargetsImpl_Targets.getAllInheritedAnnotatedClasses(AnnotationTargetsImpl_Targets.java:1017)
	at com.ibm.ws.container.service.annotations.internal.ContainerAnnotationsAdapter$ContainerAnnotationsImpl.getClassesWithSpecifiedInheritedAnnotations(ContainerAnnotationsAdapter.java:139)
	at com.ibm.ws.cdi.liberty.CDIArchiveImpl.getClassesWithSpecifiedInheritedAnnotations(CDIArchiveImpl.java:427)
	at com.ibm.ws.cdi.liberty.CDIArchiveImpl.getAnnotatedClasses(CDIArchiveImpl.java:413)
	at com.ibm.ws.cdi.impl.weld.BeanDeploymentArchiveImpl.scanForBeanClassNames(BeanDeploymentArchiveImpl.java:352)
	at com.ibm.ws.cdi.impl.weld.BeanDeploymentArchiveImpl.scan(BeanDeploymentArchiveImpl.java:309)
	at com.ibm.ws.cdi.impl.weld.BeanDeploymentArchiveImpl.scan(BeanDeploymentArchiveImpl.java:304)
	at com.ibm.ws.cdi.impl.weld.BeanDeploymentArchiveImpl.scan(BeanDeploymentArchiveImpl.java:304)
	at com.ibm.ws.cdi.impl.weld.BeanDeploymentArchiveImpl.scan(BeanDeploymentArchiveImpl.java:304)
	at com.ibm.ws.cdi.impl.weld.BeanDeploymentArchiveImpl.scan(BeanDeploymentArchiveImpl.java:304)
	at com.ibm.ws.cdi.impl.weld.WebSphereCDIDeploymentImpl.scan(WebSphereCDIDeploymentImpl.java:587)
	at com.ibm.ws.cdi.impl.CDIContainerImpl.applicationStarting(CDIContainerImpl.java:120)
	at com.ibm.ws.cdi.liberty.CDIRuntimeImpl.applicationStarting(CDIRuntimeImpl.java:379)
	at com.ibm.ws.container.service.state.internal.ApplicationStateManager.fireStarting(ApplicationStateManager.java:28)
	at com.ibm.ws.container.service.state.internal.StateChangeServiceImpl.fireApplicationStarting(StateChangeServiceImpl.java:50)
	at com.ibm.ws.app.manager.module.internal.DeployedAppInfoBase.preDeployApp(DeployedAppInfoBase.java:375)
	at com.ibm.ws.app.manager.module.internal.DeployedAppInfoBase.deployApp(DeployedAppInfoBase.java:402)
	at com.ibm.ws.app.manager.war.internal.WARApplicationHandlerImpl.install(WARApplicationHandlerImpl.java:65)
	at com.ibm.ws.app.manager.internal.statemachine.StartAction.execute(StartAction.java:140)
	at com.ibm.ws.app.manager.internal.statemachine.ApplicationStateMachineImpl.enterState(ApplicationStateMachineImpl.java:1258)
	at com.ibm.ws.app.manager.internal.statemachine.ApplicationStateMachineImpl.run(ApplicationStateMachineImpl.java:873)
	at java.util.concurrent.ThreadPoolExecutor.runWorker(Unknown Source)
	at java.util.concurrent.ThreadPoolExecutor$Worker.run(Unknown Source)
	at java.lang.Thread.run(Unknown Source)
.
[26/11/17 17:43:20:579 CST] 00000029 m.ibm.ws.anno.targets.internal.AnnotationTargetsImpl_Targets W CWWKC0044W: Se ha producido una excepción durante la exploración de datos de anotaciones y clases. La excepción ha sido java.lang.IllegalArgumentException
	at org.objectweb.asm.ClassReader.<init>(Unknown Source)
	at org.objectweb.asm.ClassReader.<init>(Unknown Source)
	at org.objectweb.asm.ClassReader.<init>(Unknown Source)
	at com.ibm.ws.anno.targets.internal.AnnotationTargetsImpl_Targets.scanClass(AnnotationTargetsImpl_Targets.java:495)
	at com.ibm.ws.anno.targets.internal.AnnotationTargetsImpl_Streamer.process(AnnotationTargetsImpl_Streamer.java:88)
	at com.ibm.ws.anno.classsource.internal.ClassSourceImpl_MappedContainer.process(ClassSourceImpl_MappedContainer.java:351)
	at com.ibm.ws.anno.classsource.internal.ClassSourceImpl_MappedContainer.scanClasses(ClassSourceImpl_MappedContainer.java:283)
	at com.ibm.ws.anno.classsource.internal.ClassSourceImpl_MappedContainer.scanClasses(ClassSourceImpl_MappedContainer.java:128)
	at com.ibm.ws.anno.classsource.internal.ClassSourceImpl_Aggregate.scanClasses(ClassSourceImpl_Aggregate.java:369)
	at com.ibm.ws.anno.targets.internal.AnnotationTargetsImpl_Scanner.scanClasses(AnnotationTargetsImpl_Scanner.java:254)
	at com.ibm.ws.anno.targets.internal.AnnotationTargetsImpl_Scanner.scanDirect(AnnotationTargetsImpl_Scanner.java:216)
	at com.ibm.ws.anno.targets.internal.AnnotationTargetsImpl_Targets.doScanDirectClasses(AnnotationTargetsImpl_Targets.java:379)
	at com.ibm.ws.anno.targets.internal.AnnotationTargetsImpl_Targets.scanDirectClasses(AnnotationTargetsImpl_Targets.java:348)
	at com.ibm.ws.anno.targets.internal.AnnotationTargetsImpl_Targets.getAllInheritedAnnotatedClasses(AnnotationTargetsImpl_Targets.java:1025)
	at com.ibm.ws.anno.targets.internal.AnnotationTargetsImpl_Targets.getAllInheritedAnnotatedClasses(AnnotationTargetsImpl_Targets.java:1017)
	at com.ibm.ws.container.service.annotations.internal.ContainerAnnotationsAdapter$ContainerAnnotationsImpl.getClassesWithSpecifiedInheritedAnnotations(ContainerAnnotationsAdapter.java:139)
	at com.ibm.ws.cdi.liberty.CDIArchiveImpl.getClassesWithSpecifiedInheritedAnnotations(CDIArchiveImpl.java:427)
	at com.ibm.ws.cdi.liberty.CDIArchiveImpl.getAnnotatedClasses(CDIArchiveImpl.java:413)
	at com.ibm.ws.cdi.impl.weld.BeanDeploymentArchiveImpl.scanForBeanClassNames(BeanDeploymentArchiveImpl.java:352)
	at com.ibm.ws.cdi.impl.weld.BeanDeploymentArchiveImpl.scan(BeanDeploymentArchiveImpl.java:309)
	at com.ibm.ws.cdi.impl.weld.BeanDeploymentArchiveImpl.scan(BeanDeploymentArchiveImpl.java:304)
	at com.ibm.ws.cdi.impl.weld.BeanDeploymentArchiveImpl.scan(BeanDeploymentArchiveImpl.java:304)
	at com.ibm.ws.cdi.impl.weld.WebSphereCDIDeploymentImpl.scan(WebSphereCDIDeploymentImpl.java:587)
	at com.ibm.ws.cdi.impl.CDIContainerImpl.applicationStarting(CDIContainerImpl.java:120)
	at com.ibm.ws.cdi.liberty.CDIRuntimeImpl.applicationStarting(CDIRuntimeImpl.java:379)
	at com.ibm.ws.container.service.state.internal.ApplicationStateManager.fireStarting(ApplicationStateManager.java:28)
	at com.ibm.ws.container.service.state.internal.StateChangeServiceImpl.fireApplicationStarting(StateChangeServiceImpl.java:50)
	at com.ibm.ws.app.manager.module.internal.DeployedAppInfoBase.preDeployApp(DeployedAppInfoBase.java:375)
	at com.ibm.ws.app.manager.module.internal.DeployedAppInfoBase.deployApp(DeployedAppInfoBase.java:402)
	at com.ibm.ws.app.manager.war.internal.WARApplicationHandlerImpl.install(WARApplicationHandlerImpl.java:65)
	at com.ibm.ws.app.manager.internal.statemachine.StartAction.execute(StartAction.java:140)
	at com.ibm.ws.app.manager.internal.statemachine.ApplicationStateMachineImpl.enterState(ApplicationStateMachineImpl.java:1258)
	at com.ibm.ws.app.manager.internal.statemachine.ApplicationStateMachineImpl.run(ApplicationStateMachineImpl.java:873)
	at java.util.concurrent.ThreadPoolExecutor.runWorker(Unknown Source)
	at java.util.concurrent.ThreadPoolExecutor$Worker.run(Unknown Source)
	at java.lang.Thread.run(Unknown Source)
.
[26/11/17 17:43:23:760 CST] 00000029 com.ibm.ws.session.WASSessionCore                            I SESN8501I: El gestor de sesiones no ha encontrado una ubicación de almacenamiento persistente; los objetos HttpSession se almacenarán en la memoria del servidor de aplicaciones local.
[26/11/17 17:43:23:817 CST] 00000029 com.ibm.ws.webcontainer.osgi.webapp.WebGroup                 I SRVE0169I: Cargando módulo web: com.vogella.jersey.first.
[26/11/17 17:43:23:827 CST] 00000029 com.ibm.ws.webcontainer                                      I SRVE0250I: El módulo web com.vogella.jersey.first se ha enlazado con default_host.
[26/11/17 17:43:23:835 CST] 00000029 com.ibm.ws.http.internal.VirtualHostImpl                     A CWWKT0016I: Aplicación web disponible (default_host): http://localhost:9080/PacketTecServer/
[26/11/17 17:43:23:855 CST] 00000029 com.ibm.ws.app.manager.AppMessageHelper                      A CWWKZ0001I: La aplicación PacketTecServer se ha iniciado en 28.958 segundos.
[26/11/17 17:43:23:907 CST] 00000018 com.ibm.ws.kernel.feature.internal.FeatureManager            A CWWKF0012I: El servidor ha instalado las características siguientes: [jsp-2.3, ejbLite-3.2, managedBeans-1.0, servlet-3.1, jsf-2.2, beanValidation-1.1, ssl-1.0, jndi-1.0, localConnector-1.0, appSecurity-2.0, jsonp-1.0, jdbc-4.1, jaxrs-2.0, el-3.0, jaxrsClient-2.0, json-1.0, jpaContainer-2.1, cdi-1.2, distributedMap-1.0, webProfile-7.0, websocket-1.1, jpa-2.1].
[26/11/17 17:43:23:909 CST] 00000018 com.ibm.ws.kernel.feature.internal.FeatureManager            I CWWKF0008I: La actualización de características se ha completado en 38.496 segundos.
[26/11/17 17:43:23:909 CST] 00000018 com.ibm.ws.kernel.feature.internal.FeatureManager            A CWWKF0011I: El servidor PacketTecServer está preparado para ejecutar un planeta más inteligente.
[26/11/17 17:43:23:972 CST] 0000002f com.ibm.ws.session.WASSessionCore                            I SESN0176I: Se creará un nuevo contexto de sesión para la clave de aplicación default_host/PacketTecServer
[26/11/17 17:43:24:028 CST] 0000002f com.ibm.ws.util                                              I SESN0172I: El gestor de sesiones está utilizando la implementación de SecureRandom Java por omisión para la generación del ID de sesión.
[26/11/17 17:43:24:704 CST] 00000030 com.ibm.ws.webcontainer.osgi.mbeans.PluginGenerator          I SRVE9103I: Se ha generado automáticamente un archivo de configuración para un plug-in de servidor web para este servidor en C:\Proyectos\WorkSpace Packet TEC\runtime environment\usr\servers\PacketTecServer\logs\state\plugin-cfg.xml.
[26/11/17 17:43:25:207 CST] 0000002f com.ibm.ws.cache.CacheServiceImpl                            I DYNA1056I: La memoria caché dinámica (memoria caché de objeto) se ha inicializado correctamente.
[26/11/17 17:43:27:219 CST] 0000002f com.ibm.ws.webcontainer.servlet                              I SRVE0242I: [PacketTecServer] [/PacketTecServer] [Jersey REST Service]: Inicialización satisfactoria.
[26/11/17 17:44:39:569 CST] 0000004c com.ibm.ws.runtime.update.internal.RuntimeUpdateManagerImpl  A CWWKE1100I: Waiting for up to 30 seconds for the server to quiesce.
[26/11/17 17:44:39:590 CST] 0000004d com.ibm.ws.tcpchannel.internal.TCPChannel                    I CWWKO0220I: El canal TCP defaultHttpEndpoint ha detenido la escucha de solicitudes en el host tonec.com  (IPv4: 127.0.0.1) puerto 9080.
[26/11/17 17:44:39:594 CST] 0000004d com.ibm.ws.http.internal.VirtualHostImpl                     A CWWKT0017I: Aplicación web eliminada (default_host): http://localhost:9080/PacketTecServer/
[26/11/17 17:44:39:637 CST] 0000004c com.ibm.ws.runtime.update.internal.RuntimeUpdateManagerImpl  I CWWKE1101I: Server quiesce complete.
[26/11/17 17:44:40:345 CST] 0000003d com.ibm.ws.webcontainer.servlet                              I SRVE0253I: [PacketTecServer] [/PacketTecServer] [Jersey REST Service]: Destrucción satisfactoria.
[26/11/17 17:44:40:516 CST] 0000003d com.ibm.ws.app.manager.AppMessageHelper                      A CWWKZ0009I: La aplicación PacketTecServer se ha detenido correctamente.
[26/11/17 17:44:40:960 CST] 0000004c com.ibm.ws.security.ready.internal.SecurityReadyServiceImpl  I CWWKS0009I: El servicio de seguridad se ha detenido.
[26/11/17 17:44:41:036 CST] 0000004c ibm.ws.security.authentication.internal.jaas.JAASServiceImpl I CWWKS1124I: Se ha desactivado el plugin de autenticación colectiva con el nombre de clase NullCollectiveAuthenticationPlugin. 
[26/11/17 17:44:42:878 CST] 00000001 com.ibm.ws.kernel.launch.internal.FrameworkManager           A CWWKE0036I: The server PacketTecServer stopped after 2 minutes, 3.046 seconds.
