------Start of DE processing------ = [24/11/17 00:26:04:760 CST]
Exception = javax.xml.stream.XMLStreamException
Source = com.ibm.ws.artifact.loose.internal.LooseContainerFactoryHelper
probeid = looseconfigxmlstream
Stack Dump = javax.xml.stream.XMLStreamException: ParseError at [row,col]:[3,42]
Message: Byte no válido 2 de la secuencia UTF-8 de 4 bytes
	at com.sun.org.apache.xerces.internal.impl.XMLStreamReaderImpl.next(Unknown Source)
	at com.sun.org.apache.xerces.internal.impl.XMLStreamReaderImpl.nextTag(Unknown Source)
	at com.ibm.ws.artifact.loose.internal.LooseContainerFactoryHelper.createContainer(LooseContainerFactoryHelper.java:80)
	at com.ibm.ws.artifact.internal.ArtifactContainerFactoryService$1.getContainer(ArtifactContainerFactoryService.java:180)
	at com.ibm.ws.artifact.internal.ArtifactContainerFactoryService.getContainerForReference(ArtifactContainerFactoryService.java:304)
	at com.ibm.ws.artifact.internal.ArtifactContainerFactoryService.getContainerForClassName(ArtifactContainerFactoryService.java:190)
	at com.ibm.ws.artifact.internal.ArtifactContainerFactoryService.getContainerForObjectClass(ArtifactContainerFactoryService.java:206)
	at com.ibm.ws.artifact.internal.ArtifactContainerFactoryService.getContainer(ArtifactContainerFactoryService.java:177)
	at com.ibm.ws.app.manager.internal.statemachine.ApplicationStateMachineImpl$ResolveFileCallback.setupContainer(ApplicationStateMachineImpl.java:595)
	at com.ibm.ws.app.manager.internal.statemachine.ResolveFileAction.findFile(ResolveFileAction.java:96)
	at com.ibm.ws.app.manager.internal.statemachine.ResolveFileAction.onChange(ResolveFileAction.java:206)
	at com.ibm.ws.kernel.filemonitor.internal.MonitorHolder.externalScan(MonitorHolder.java:830)
	at com.ibm.ws.kernel.filemonitor.internal.CoreServiceImpl.notifyFileChanges(CoreServiceImpl.java:326)
	at com.ibm.ws.kernel.filemonitor.internal.FileNotificationImpl.notifyFileChanges(FileNotificationImpl.java:53)
	at sun.reflect.GeneratedMethodAccessor51.invoke(Unknown Source)
	at sun.reflect.DelegatingMethodAccessorImpl.invoke(Unknown Source)
	at java.lang.reflect.Method.invoke(Unknown Source)
	at sun.reflect.misc.Trampoline.invoke(Unknown Source)
	at sun.reflect.GeneratedMethodAccessor50.invoke(Unknown Source)
	at sun.reflect.DelegatingMethodAccessorImpl.invoke(Unknown Source)
	at java.lang.reflect.Method.invoke(Unknown Source)
	at sun.reflect.misc.MethodUtil.invoke(Unknown Source)
	at com.sun.jmx.mbeanserver.StandardMBeanIntrospector.invokeM2(Unknown Source)
	at com.sun.jmx.mbeanserver.StandardMBeanIntrospector.invokeM2(Unknown Source)
	at com.sun.jmx.mbeanserver.MBeanIntrospector.invokeM(Unknown Source)
	at com.sun.jmx.mbeanserver.PerInterface.invoke(Unknown Source)
	at com.sun.jmx.mbeanserver.MBeanSupport.invoke(Unknown Source)
	at javax.management.StandardMBean.invoke(Unknown Source)
	at com.sun.jmx.interceptor.DefaultMBeanServerInterceptor.invoke(Unknown Source)
	at com.sun.jmx.mbeanserver.JmxMBeanServer.invoke(Unknown Source)
	at com.ibm.ws.kernel.boot.jmx.service.MBeanServerForwarderDelegate.invoke(MBeanServerForwarderDelegate.java:196)
	at com.ibm.ws.jmx.internal.DelayedMBeanActivator.invoke(DelayedMBeanActivator.java:547)
	at com.ibm.ws.kernel.boot.jmx.internal.PlatformMBeanServer.invoke(PlatformMBeanServer.java:372)
	at javax.management.remote.rmi.RMIConnectionImpl.doOperation(Unknown Source)
	at javax.management.remote.rmi.RMIConnectionImpl.access$300(Unknown Source)
	at javax.management.remote.rmi.RMIConnectionImpl$PrivilegedOperation.run(Unknown Source)
	at javax.management.remote.rmi.RMIConnectionImpl.doPrivilegedOperation(Unknown Source)
	at javax.management.remote.rmi.RMIConnectionImpl.invoke(Unknown Source)
	at sun.reflect.GeneratedMethodAccessor49.invoke(Unknown Source)
	at sun.reflect.DelegatingMethodAccessorImpl.invoke(Unknown Source)
	at java.lang.reflect.Method.invoke(Unknown Source)
	at sun.rmi.server.UnicastServerRef.dispatch(Unknown Source)
	at sun.rmi.transport.Transport$1.run(Unknown Source)
	at sun.rmi.transport.Transport$1.run(Unknown Source)
	at java.security.AccessController.doPrivileged(Native Method)
	at sun.rmi.transport.Transport.serviceCall(Unknown Source)
	at sun.rmi.transport.tcp.TCPTransport.handleMessages(Unknown Source)
	at sun.rmi.transport.tcp.TCPTransport$ConnectionHandler.run0(Unknown Source)
	at sun.rmi.transport.tcp.TCPTransport$ConnectionHandler.lambda$run$0(Unknown Source)
	at java.security.AccessController.doPrivileged(Native Method)
	at sun.rmi.transport.tcp.TCPTransport$ConnectionHandler.run(Unknown Source)
	at java.util.concurrent.ThreadPoolExecutor.runWorker(Unknown Source)
	at java.util.concurrent.ThreadPoolExecutor$Worker.run(Unknown Source)
	at java.lang.Thread.run(Unknown Source)

Dump of callerThis
null
