------Start of DE processing------ = [24/11/17 00:26:51:663 CST]
Exception = javax.xml.stream.XMLStreamException
Source = com.ibm.ws.artifact.loose.internal.LooseContainerFactoryHelper
probeid = 126
Stack Dump = javax.xml.stream.XMLStreamException: ParseError at [row,col]:[3,42]
Message: Byte no válido 2 de la secuencia UTF-8 de 4 bytes
	at com.sun.org.apache.xerces.internal.impl.XMLStreamReaderImpl.next(Unknown Source)
	at com.sun.org.apache.xerces.internal.impl.XMLStreamReaderImpl.nextTag(Unknown Source)
	at com.ibm.ws.artifact.loose.internal.LooseContainerFactoryHelper.createContainer(LooseContainerFactoryHelper.java:80)
	at com.ibm.ws.artifact.internal.ArtifactContainerFactoryService$1.getContainer(ArtifactContainerFactoryService.java:180)
	at com.ibm.ws.artifact.internal.ArtifactContainerFactoryService.getContainerForReference(ArtifactContainerFactoryService.java:304)
	at com.ibm.ws.artifact.internal.ArtifactContainerFactoryService.getContainerForClassName(ArtifactContainerFactoryService.java:190)
	at com.ibm.ws.artifact.internal.ArtifactContainerFactoryService.getContainerForObjectClass(ArtifactContainerFactoryService.java:206)
	at com.ibm.ws.artifact.internal.ArtifactContainerFactoryService.getContainer(ArtifactContainerFactoryService.java:177)
	at com.ibm.ws.app.manager.internal.statemachine.ApplicationStateMachineImpl$ResolveFileCallback.setupContainer(ApplicationStateMachineImpl.java:595)
	at com.ibm.ws.app.manager.internal.statemachine.ResolveFileAction.findFile(ResolveFileAction.java:96)
	at com.ibm.ws.app.manager.internal.statemachine.ResolveFileAction.onChange(ResolveFileAction.java:206)
	at com.ibm.ws.app.manager.internal.statemachine.ResolveFileAction.onBaseline(ResolveFileAction.java:199)
	at com.ibm.ws.kernel.filemonitor.internal.MonitorHolder.init(MonitorHolder.java:406)
	at com.ibm.ws.kernel.filemonitor.internal.CoreServiceImpl.setMonitor(CoreServiceImpl.java:224)
	at sun.reflect.NativeMethodAccessorImpl.invoke0(Native Method)
	at sun.reflect.NativeMethodAccessorImpl.invoke(Unknown Source)
	at sun.reflect.DelegatingMethodAccessorImpl.invoke(Unknown Source)
	at java.lang.reflect.Method.invoke(Unknown Source)
	at org.apache.felix.scr.impl.inject.BaseMethod.invokeMethod(BaseMethod.java:224)
	at org.apache.felix.scr.impl.inject.BaseMethod.access$500(BaseMethod.java:39)
	at org.apache.felix.scr.impl.inject.BaseMethod$Resolved.invoke(BaseMethod.java:617)
	at org.apache.felix.scr.impl.inject.BaseMethod.invoke(BaseMethod.java:501)
	at org.apache.felix.scr.impl.inject.BindMethod.invoke(BindMethod.java:655)
	at org.apache.felix.scr.impl.manager.DependencyManager.doInvokeBindMethod(DependencyManager.java:1722)
	at org.apache.felix.scr.impl.manager.DependencyManager.invokeBindMethod(DependencyManager.java:1699)
	at org.apache.felix.scr.impl.manager.SingleComponentManager.invokeBindMethod(SingleComponentManager.java:372)
	at org.apache.felix.scr.impl.manager.DependencyManager$MultipleDynamicCustomizer.addedService(DependencyManager.java:320)
	at org.apache.felix.scr.impl.manager.DependencyManager$MultipleDynamicCustomizer.addedService(DependencyManager.java:291)
	at org.apache.felix.scr.impl.manager.ServiceTracker$Tracked.customizerAdded(ServiceTracker.java:1215)
	at org.apache.felix.scr.impl.manager.ServiceTracker$Tracked.customizerAdded(ServiceTracker.java:1136)
	at org.apache.felix.scr.impl.manager.ServiceTracker$AbstractTracked.trackAdding(ServiceTracker.java:945)
	at org.apache.felix.scr.impl.manager.ServiceTracker$AbstractTracked.track(ServiceTracker.java:881)
	at org.apache.felix.scr.impl.manager.ServiceTracker$Tracked.serviceChanged(ServiceTracker.java:1167)
	at org.apache.felix.scr.impl.BundleComponentActivator$ListenerInfo.serviceChanged(BundleComponentActivator.java:127)
	at org.eclipse.osgi.internal.serviceregistry.FilteredServiceListener.serviceChanged(FilteredServiceListener.java:109)
	at org.eclipse.osgi.internal.framework.BundleContextImpl.dispatchEvent(BundleContextImpl.java:915)
	at org.eclipse.osgi.framework.eventmgr.EventManager.dispatchEvent(EventManager.java:230)
	at org.eclipse.osgi.framework.eventmgr.ListenerQueue.dispatchEventSynchronous(ListenerQueue.java:148)
	at org.eclipse.osgi.internal.serviceregistry.ServiceRegistry.publishServiceEventPrivileged(ServiceRegistry.java:862)
	at org.eclipse.osgi.internal.serviceregistry.ServiceRegistry.publishServiceEvent(ServiceRegistry.java:801)
	at org.eclipse.osgi.internal.serviceregistry.ServiceRegistrationImpl.register(ServiceRegistrationImpl.java:127)
	at org.eclipse.osgi.internal.serviceregistry.ServiceRegistry.registerService(ServiceRegistry.java:225)
	at org.eclipse.osgi.internal.framework.BundleContextImpl.registerService(BundleContextImpl.java:464)
	at org.eclipse.osgi.internal.framework.BundleContextImpl.registerService(BundleContextImpl.java:482)
	at org.eclipse.osgi.internal.framework.BundleContextImpl.registerService(BundleContextImpl.java:999)
	at com.ibm.ws.app.manager.internal.lifecycle.ServiceReg.register(ServiceReg.java:78)
	at com.ibm.ws.app.manager.internal.statemachine.ResolveFileAction.execute(ResolveFileAction.java:170)
	at com.ibm.ws.app.manager.internal.statemachine.ApplicationStateMachineImpl.enterState(ApplicationStateMachineImpl.java:1236)
	at com.ibm.ws.app.manager.internal.statemachine.ApplicationStateMachineImpl.run(ApplicationStateMachineImpl.java:873)
	at java.util.concurrent.ThreadPoolExecutor.runWorker(Unknown Source)
	at java.util.concurrent.ThreadPoolExecutor$Worker.run(Unknown Source)
	at java.lang.Thread.run(Unknown Source)

Dump of callerThis
Object type = com.ibm.ws.artifact.loose.internal.LooseContainerFactoryHelper
  locationService = class com.ibm.ws.kernel.service.location.internal.WsLocationAdminImpl@5b1105ce
    tc = class com.ibm.websphere.ras.TraceComponent@93b1566
      strings[0] = "TraceComponent[com.ibm.ws.kernel.service.location.internal.WsLocationAdminImpl,class com.ibm.ws.kernel.service.location.internal.WsLocationAdminImpl,[locationService],com.ibm.ws.kernel.service.location.internal.resources.LocServiceMessages,null]"
    LOC_INTERNAL_LIB_DIR = "wlp.lib.dir"
    LOC_AREA_NAME_APPS = "shared/apps/"
    LOC_AREA_NAME_CONFIG = "shared/config/"
    LOC_AREA_NAME_RESC = "shared/resources/"
    LOC_AREA_NAME_STATE = "logs/state/"
    LOC_AREA_NAME_SERVERS = "servers/"
    LOC_AREA_NAME_CLIENTS = "clients/"
    LOC_AREA_NAME_WORKING = "workarea/"
    LOC_AREA_NAME_EXTENSION = "extension/"
    instance = class com.ibm.ws.kernel.service.location.internal.WsLocationAdminImpl@5b1105ce
    installRoot = class com.ibm.ws.kernel.service.location.internal.SymbolicRootResource@7554934c
      strings[0] = "SymbolicRootResource[${wlp.install.dir}/=C:/Proyectos/runtime environment/]"
    installParentRoot = class com.ibm.ws.kernel.service.location.internal.SymbolicRootResource@71c2bda8
      strings[0] = "SymbolicRootResource[${wlp.parent.dir}/=C:/Proyectos/]"
    userRoot = class com.ibm.ws.kernel.service.location.internal.SymbolicRootResource@51ecb621
      strings[0] = "SymbolicRootResource[${wlp.user.dir}/=C:/Proyectos/runtime environment/usr/]"
    usrExtensionRoot = class com.ibm.ws.kernel.service.location.internal.SymbolicRootResource@6a1dac94
      strings[0] = "SymbolicRootResource[${usr.extension.dir}/=C:/Proyectos/runtime environment/usr/extension/]"
    serverConfigDir = class com.ibm.ws.kernel.service.location.internal.SymbolicRootResource@3b029c68
      strings[0] = "SymbolicRootResource[${server.config.dir}/=C:/Proyectos/runtime environment/usr/servers/PacketTecServer/]"
    serverOutputDir = class com.ibm.ws.kernel.service.location.internal.SymbolicRootResource@3b029c68
    bootstrapLib = class com.ibm.ws.kernel.service.location.internal.LocalFileResource@5f49595d
      strings[0] = "LocalFileResource[DIRECTORY;@-1183280185;<undefined>;C:/Proyectos/runtime environment/lib/]"
    serverWorkarea = class com.ibm.ws.kernel.service.location.internal.LocalFileResource@6ba0a12b
      strings[0] = "LocalFileResource[DIRECTORY;@-1375657960;${server.config.dir}/workarea/;C:/Proyectos/runtime environment/usr/servers/PacketTecServer/workarea/]"
    serverState = class com.ibm.ws.kernel.service.location.internal.LocalFileResource@6c5ed9c7
      strings[0] = "LocalFileResource[DIRECTORY;@1511007141;${server.config.dir}/logs/state/;C:/Proyectos/runtime environment/usr/servers/PacketTecServer/logs/state/]"
    sharedAppsRoot = class com.ibm.ws.kernel.service.location.internal.SymbolicRootResource@4310f9f8
      strings[0] = "SymbolicRootResource[${shared.app.dir}/=C:/Proyectos/runtime environment/usr/shared/apps/]"
    sharedConfigRoot = class com.ibm.ws.kernel.service.location.internal.SymbolicRootResource@5606c376
      strings[0] = "SymbolicRootResource[${shared.config.dir}/=C:/Proyectos/runtime environment/usr/shared/config/]"
    sharedResourceRoot = class com.ibm.ws.kernel.service.location.internal.SymbolicRootResource@38c18964
      strings[0] = "SymbolicRootResource[${shared.resource.dir}/=C:/Proyectos/runtime environment/usr/shared/resources/]"
    tmpRoot = class com.ibm.ws.kernel.service.location.internal.SymbolicRootResource@224bef5a
      strings[0] = "SymbolicRootResource[${tmp}/=C:/Users/BRAYAN~3/AppData/Local/Temp/]"
    serverName = "PacketTecServer"
    resourcePaths = class java.util.ArrayList@66501dd2
      serialVersionUID = 8683452581122892189
      DEFAULT_CAPACITY = 10
      EMPTY_ELEMENTDATA = class java.lang.Object[0]
      DEFAULTCAPACITY_EMPTY_ELEMENTDATA = class java.lang.Object[0]
      elementData = class java.lang.Object[3]
      size = 1
      MAX_ARRAY_SIZE = 2147483639
      modCount = 1
      MAX_ARRAY_SIZE = 2147483639
    resourceGroups = class java.util.HashMap@6ad7f1d
      serialVersionUID = 362498820763181265
      DEFAULT_INITIAL_CAPACITY = 16
      MAXIMUM_CAPACITY = 1073741824
      DEFAULT_LOAD_FACTOR = 0.75
      TREEIFY_THRESHOLD = 8
      UNTREEIFY_THRESHOLD = 6
      MIN_TREEIFY_CAPACITY = 64
      table = class java.util.HashMap$Node[16]
      entrySet = null
      size = 1
      modCount = 1
      threshold = 12
      loadFactor = 0.75
      keySet = null
      values = null
    commonRoot = class com.ibm.ws.kernel.service.location.internal.VirtualRootResource@32934c05
      strings[0] = "com.ibm.ws.kernel.service.location.internal.VirtualRootResource@32934c05"
    serialVersionUID = 7766352982799267432
  containerFactoryReference = class com.ibm.wsspi.kernel.service.utils.AtomicServiceReference@46aa6a78
    referenceName = "containerFactory"
    tuple = class java.util.concurrent.atomic.AtomicReference@4fd9492c
      serialVersionUID = -1848883965231344442
      unsafe = class sun.misc.Unsafe@169e722
      valueOffset = 12
      value = class com.ibm.wsspi.kernel.service.utils.AtomicServiceReference$ReferenceTuple@3f307934
    serialVersionUID = 2226592364007985000
    $$$tc$$$ = class com.ibm.websphere.ras.TraceComponent@4a5db7b7
      strings[0] = "TraceComponent[com.ibm.wsspi.kernel.service.utils.AtomicServiceReference,class com.ibm.wsspi.kernel.service.utils.AtomicServiceReference,[kernelUtils],com.ibm.ws.kernel.service.utils.resources.ServiceMessages,null]"
  ctx = class org.eclipse.osgi.internal.framework.BundleContextImpl@2a98d733
    findHookName = "org.osgi.framework.hooks.bundle.FindHook"
    valid = true
    bundle = class org.eclipse.osgi.internal.framework.EquinoxBundle@1af541f2
      equinoxContainer = class org.eclipse.osgi.internal.framework.EquinoxContainer@9d94a38
      module = class org.eclipse.osgi.internal.framework.EquinoxBundle$EquinoxModule@3b710900
      monitor = class java.lang.Object@36152948
      context = class org.eclipse.osgi.internal.framework.BundleContextImpl@2a98d733
      signerInfos = null
      $SWITCH_TABLE$org$eclipse$osgi$container$Module$State = {1,2,3,4,5,6,7} /* array length = 7*/
    container = class org.eclipse.osgi.internal.framework.EquinoxContainer@9d94a38
      NAME = "org.eclipse.osgi"
      secureAction = class org.eclipse.osgi.framework.util.SecureAction@29076e86
      equinoxConfig = class org.eclipse.osgi.internal.framework.EquinoxConfiguration@44bfa92c
      logServices = class org.eclipse.osgi.internal.log.EquinoxLogServices@6ce426da
      storage = class org.eclipse.osgi.storage.Storage@59af81a0
      packageAdmin = class org.eclipse.osgi.internal.framework.legacy.PackageAdminImpl@4bcea74d
      startLevel = class org.eclipse.osgi.internal.framework.legacy.StartLevelImpl@720191d1
      bootDelegation = class java.util.HashSet@3f9ebbbd
      bootDelegationStems = class java.lang.String[12]
      bootDelegateAll = false
      eventPublisher = class org.eclipse.osgi.internal.framework.EquinoxEventPublisher@1869fbd2
      monitor = class java.lang.Object@24d3a7ae
      serviceRegistry = class org.eclipse.osgi.internal.serviceregistry.ServiceRegistry@5a2235fc
      contextFinder = class org.eclipse.osgi.internal.framework.ContextFinder@2c619312
      signedContentFactory = class org.osgi.util.tracker.ServiceTracker@10ab2e56
      executor = class java.util.concurrent.ScheduledThreadPoolExecutor@469f39cb
      storageSaver = class org.eclipse.osgi.internal.framework.StorageSaver@7fc80861
    debug = class org.eclipse.osgi.internal.debug.Debug@2b10fe9b
      ECLIPSE_OSGI = "org.eclipse.osgi"
      OPTION_DEBUG_GENERAL = "org.eclipse.osgi/debug"
      OPTION_DEBUG_BUNDLE_TIME = "org.eclipse.osgi/debug/bundleTime"
      OPTION_DEBUG_LOADER = "org.eclipse.osgi/debug/loader"
      OPTION_DEBUG_STORAGE = "org.eclipse.osgi/debug/storage"
      OPTION_DEBUG_EVENTS = "org.eclipse.osgi/debug/events"
      OPTION_DEBUG_SERVICES = "org.eclipse.osgi/debug/services"
      OPTION_DEBUG_HOOKS = "org.eclipse.osgi/debug/hooks"
      OPTION_DEBUG_MANIFEST = "org.eclipse.osgi/debug/manifest"
      OPTION_DEBUG_FILTER = "org.eclipse.osgi/debug/filter"
      OPTION_DEBUG_SECURITY = "org.eclipse.osgi/debug/security"
      OPTION_DEBUG_STARTLEVEL = "org.eclipse.osgi/debug/startlevel"
      OPTION_DEBUG_PACKAGEADMIN = "org.eclipse.osgi/debug/packageadmin"
      OPTION_DEBUG_PACKAGEADMIN_TIMING = "org.eclipse.osgi/debug/packageadmin/timing"
      OPTION_MONITOR_ACTIVATION = "org.eclipse.osgi/monitor/activation"
      OPTION_MONITOR_LAZY = "org.eclipse.osgi/monitor/lazy"
      OPTION_DEBUG_MESSAGE_BUNDLES = "org.eclipse.osgi/debug/messageBundles"
      OPTION_DEBUG_LOCATION = "org.eclipse.osgi/debug/location"
      OPTION_CACHED_MANIFEST = "org.eclipse.osgi/debug/cachedmanifest"
      OPTION_DEBUG_SYSTEM_BUNDLE = "org.eclipse.osgi/debug/systemBundle"
      DEBUG_GENERAL = false
      DEBUG_BUNDLE_TIME = false
      DEBUG_LOADER = false
      DEBUG_STORAGE = false
      DEBUG_EVENTS = false
      DEBUG_SERVICES = false
      DEBUG_HOOKS = false
      DEBUG_MANIFEST = false
      DEBUG_FILTER = false
      DEBUG_SECURITY = false
      DEBUG_STARTLEVEL = false
      DEBUG_PACKAGEADMIN = false
      DEBUG_PACKAGEADMIN_TIMING = false
      DEBUG_MESSAGE_BUNDLES = false
      MONITOR_ACTIVATION = false
      DEBUG_LOCATION = false
      DEBUG_CACHED_MANIFEST = false
      DEBUG_SYSTEM_BUNDLE = false
      out = class com.ibm.ws.logging.internal.impl.BaseTraceService$TeePrintStream@2da3e76b
    servicesInUse = class java.util.HashMap@2e0552fc
      serialVersionUID = 362498820763181265
      DEFAULT_INITIAL_CAPACITY = 16
      MAXIMUM_CAPACITY = 1073741824
      DEFAULT_LOAD_FACTOR = 0.75
      TREEIFY_THRESHOLD = 8
      UNTREEIFY_THRESHOLD = 6
      MIN_TREEIFY_CAPACITY = 64
      table = class java.util.HashMap$Node[16]
      entrySet = null
      size = 3
      modCount = 3
      threshold = 12
      loadFactor = 0.75
      keySet = null
      values = null
    activator = null
    contextLock = class java.lang.Object@1a575b3a
  tc = class com.ibm.websphere.ras.TraceComponent@4d191bf
    strings[0] = "TraceComponent[com.ibm.ws.artifact.loose.internal.LooseContainerFactoryHelper,class com.ibm.ws.artifact.loose.internal.LooseContainerFactoryHelper,[archive.artifact.xml],com.ibm.ws.artifact.loose.internal.resources.LooseApiMessages,null]"
  serialVersionUID = -6436244972857197695

Dump of objectArray[0]
Object type = java.io.File
  fs = class java.io.WinNTFileSystem@3082663f
    slash = \
    altSlash = /
    semicolon = ;
    driveDirCache = class java.lang.String[26]
      driveDirCache[0] = null
      driveDirCache[1] = null
      driveDirCache[2] = null
      driveDirCache[3] = null
      driveDirCache[4] = null
      driveDirCache[5] = null
      driveDirCache[6] = null
      driveDirCache[7] = null
      driveDirCache[8] = null
      driveDirCache[9] = null
      driveDirCache[10] = null
      driveDirCache[11] = null
      driveDirCache[12] = null
      driveDirCache[13] = null
      driveDirCache[14] = null
      driveDirCache[15] = null
      driveDirCache[16] = null
      driveDirCache[17] = null
      driveDirCache[18] = null
      driveDirCache[19] = null
      driveDirCache[20] = null
      driveDirCache[21] = null
      driveDirCache[22] = null
      driveDirCache[23] = null
      driveDirCache[24] = null
      driveDirCache[25] = null
    cache = class java.io.ExpiringCache@3cde867d
      millisUntilExpiration = 30000
      map = class java.io.ExpiringCache$1@5d477af
      queryCount = 140
      queryOverflow = 300
      MAX_ENTRIES = 200
    prefixCache = class java.io.ExpiringCache@bf2af8a
      millisUntilExpiration = 30000
      map = class java.io.ExpiringCache$1@1b440660
      queryCount = 76
      queryOverflow = 300
      MAX_ENTRIES = 200
    BA_EXISTS = 1
    BA_REGULAR = 2
    BA_DIRECTORY = 4
    BA_HIDDEN = 8
    ACCESS_READ = 4
    ACCESS_WRITE = 2
    ACCESS_EXECUTE = 1
    SPACE_TOTAL = 0
    SPACE_FREE = 1
    SPACE_USABLE = 2
    useCanonCaches = true
    useCanonPrefixCache = true
  path = "C:\Proyectos\runtime environment\usr\servers\PacketTecServer\workarea\org.eclipse.osgi\120\data\cache\com.ibm.ws.app.manager_47"
  status = class java.io.File$PathStatus@247dba81
    INVALID = class java.io.File$PathStatus@3f654794
      INVALID = class java.io.File$PathStatus@3f654794
      CHECKED = class java.io.File$PathStatus@247dba81
      $VALUES = class java.io.File$PathStatus[2]
      name = "INVALID"
      ordinal = 0
    CHECKED = class java.io.File$PathStatus@247dba81
    $VALUES = class java.io.File$PathStatus[2]
      $VALUES[0] = class java.io.File$PathStatus@3f654794
      $VALUES[1] = class java.io.File$PathStatus@247dba81
    name = "CHECKED"
    ordinal = 1
  prefixLength = 3
  separatorChar = \
  separator = "\"
  pathSeparatorChar = ;
  pathSeparator = ";"
  PATH_OFFSET = 16
  PREFIX_LENGTH_OFFSET = 12
  UNSAFE = class sun.misc.Unsafe@169e722
    theUnsafe = class sun.misc.Unsafe@169e722
    INVALID_FIELD_OFFSET = -1
    ARRAY_BOOLEAN_BASE_OFFSET = 16
    ARRAY_BYTE_BASE_OFFSET = 16
    ARRAY_SHORT_BASE_OFFSET = 16
    ARRAY_CHAR_BASE_OFFSET = 16
    ARRAY_INT_BASE_OFFSET = 16
    ARRAY_LONG_BASE_OFFSET = 16
    ARRAY_FLOAT_BASE_OFFSET = 16
    ARRAY_DOUBLE_BASE_OFFSET = 16
    ARRAY_OBJECT_BASE_OFFSET = 16
    ARRAY_BOOLEAN_INDEX_SCALE = 1
    ARRAY_BYTE_INDEX_SCALE = 1
    ARRAY_SHORT_INDEX_SCALE = 2
    ARRAY_CHAR_INDEX_SCALE = 2
    ARRAY_INT_INDEX_SCALE = 4
    ARRAY_LONG_INDEX_SCALE = 8
    ARRAY_FLOAT_INDEX_SCALE = 4
    ARRAY_DOUBLE_INDEX_SCALE = 8
    ARRAY_OBJECT_INDEX_SCALE = 4
    ADDRESS_SIZE = 8
  serialVersionUID = 301077366599181567
  filePath = null
  $assertionsDisabled = true

Dump of objectArray[1]
Object type = java.io.File
  fs = class java.io.WinNTFileSystem@3082663f
    slash = \
    altSlash = /
    semicolon = ;
    driveDirCache = class java.lang.String[26]
      driveDirCache[0] = null
      driveDirCache[1] = null
      driveDirCache[2] = null
      driveDirCache[3] = null
      driveDirCache[4] = null
      driveDirCache[5] = null
      driveDirCache[6] = null
      driveDirCache[7] = null
      driveDirCache[8] = null
      driveDirCache[9] = null
      driveDirCache[10] = null
      driveDirCache[11] = null
      driveDirCache[12] = null
      driveDirCache[13] = null
      driveDirCache[14] = null
      driveDirCache[15] = null
      driveDirCache[16] = null
      driveDirCache[17] = null
      driveDirCache[18] = null
      driveDirCache[19] = null
      driveDirCache[20] = null
      driveDirCache[21] = null
      driveDirCache[22] = null
      driveDirCache[23] = null
      driveDirCache[24] = null
      driveDirCache[25] = null
    cache = class java.io.ExpiringCache@3cde867d
      millisUntilExpiration = 30000
      map = class java.io.ExpiringCache$1@5d477af
      queryCount = 140
      queryOverflow = 300
      MAX_ENTRIES = 200
    prefixCache = class java.io.ExpiringCache@bf2af8a
      millisUntilExpiration = 30000
      map = class java.io.ExpiringCache$1@1b440660
      queryCount = 76
      queryOverflow = 300
      MAX_ENTRIES = 200
    BA_EXISTS = 1
    BA_REGULAR = 2
    BA_DIRECTORY = 4
    BA_HIDDEN = 8
    ACCESS_READ = 4
    ACCESS_WRITE = 2
    ACCESS_EXECUTE = 1
    SPACE_TOTAL = 0
    SPACE_FREE = 1
    SPACE_USABLE = 2
    useCanonCaches = true
    useCanonPrefixCache = true
  path = "C:\Proyectos\runtime environment\usr\servers\PacketTecServer\apps\tec.war.xml"
  status = class java.io.File$PathStatus@247dba81
    INVALID = class java.io.File$PathStatus@3f654794
      INVALID = class java.io.File$PathStatus@3f654794
      CHECKED = class java.io.File$PathStatus@247dba81
      $VALUES = class java.io.File$PathStatus[2]
      name = "INVALID"
      ordinal = 0
    CHECKED = class java.io.File$PathStatus@247dba81
    $VALUES = class java.io.File$PathStatus[2]
      $VALUES[0] = class java.io.File$PathStatus@3f654794
      $VALUES[1] = class java.io.File$PathStatus@247dba81
    name = "CHECKED"
    ordinal = 1
  prefixLength = 3
  separatorChar = \
  separator = "\"
  pathSeparatorChar = ;
  pathSeparator = ";"
  PATH_OFFSET = 16
  PREFIX_LENGTH_OFFSET = 12
  UNSAFE = class sun.misc.Unsafe@169e722
    theUnsafe = class sun.misc.Unsafe@169e722
    INVALID_FIELD_OFFSET = -1
    ARRAY_BOOLEAN_BASE_OFFSET = 16
    ARRAY_BYTE_BASE_OFFSET = 16
    ARRAY_SHORT_BASE_OFFSET = 16
    ARRAY_CHAR_BASE_OFFSET = 16
    ARRAY_INT_BASE_OFFSET = 16
    ARRAY_LONG_BASE_OFFSET = 16
    ARRAY_FLOAT_BASE_OFFSET = 16
    ARRAY_DOUBLE_BASE_OFFSET = 16
    ARRAY_OBJECT_BASE_OFFSET = 16
    ARRAY_BOOLEAN_INDEX_SCALE = 1
    ARRAY_BYTE_INDEX_SCALE = 1
    ARRAY_SHORT_INDEX_SCALE = 2
    ARRAY_CHAR_INDEX_SCALE = 2
    ARRAY_INT_INDEX_SCALE = 4
    ARRAY_LONG_INDEX_SCALE = 8
    ARRAY_FLOAT_INDEX_SCALE = 4
    ARRAY_DOUBLE_INDEX_SCALE = 8
    ARRAY_OBJECT_INDEX_SCALE = 4
    ADDRESS_SIZE = 8
  serialVersionUID = 301077366599181567
  filePath = null
  $assertionsDisabled = true

