------Start of DE processing------ = [24/11/17 00:26:04:721 CST]
Exception = javax.xml.stream.XMLStreamException
Source = com.ibm.ws.artifact.loose.internal.LooseContainerFactoryHelper
probeid = 126
Stack Dump = javax.xml.stream.XMLStreamException: ParseError at [row,col]:[3,42]
Message: Byte no válido 2 de la secuencia UTF-8 de 4 bytes
	at com.sun.org.apache.xerces.internal.impl.XMLStreamReaderImpl.next(Unknown Source)
	at com.sun.org.apache.xerces.internal.impl.XMLStreamReaderImpl.nextTag(Unknown Source)
	at com.ibm.ws.artifact.loose.internal.LooseContainerFactoryHelper.createContainer(LooseContainerFactoryHelper.java:80)
	at com.ibm.ws.artifact.internal.ArtifactContainerFactoryService$1.getContainer(ArtifactContainerFactoryService.java:180)
	at com.ibm.ws.artifact.internal.ArtifactContainerFactoryService.getContainerForReference(ArtifactContainerFactoryService.java:304)
	at com.ibm.ws.artifact.internal.ArtifactContainerFactoryService.getContainerForClassName(ArtifactContainerFactoryService.java:190)
	at com.ibm.ws.artifact.internal.ArtifactContainerFactoryService.getContainerForObjectClass(ArtifactContainerFactoryService.java:206)
	at com.ibm.ws.artifact.internal.ArtifactContainerFactoryService.getContainer(ArtifactContainerFactoryService.java:177)
	at com.ibm.ws.app.manager.internal.statemachine.ApplicationStateMachineImpl$ResolveFileCallback.setupContainer(ApplicationStateMachineImpl.java:595)
	at com.ibm.ws.app.manager.internal.statemachine.ResolveFileAction.findFile(ResolveFileAction.java:96)
	at com.ibm.ws.app.manager.internal.statemachine.ResolveFileAction.onChange(ResolveFileAction.java:206)
	at com.ibm.ws.kernel.filemonitor.internal.MonitorHolder.externalScan(MonitorHolder.java:830)
	at com.ibm.ws.kernel.filemonitor.internal.CoreServiceImpl.notifyFileChanges(CoreServiceImpl.java:326)
	at com.ibm.ws.kernel.filemonitor.internal.FileNotificationImpl.notifyFileChanges(FileNotificationImpl.java:53)
	at sun.reflect.GeneratedMethodAccessor51.invoke(Unknown Source)
	at sun.reflect.DelegatingMethodAccessorImpl.invoke(Unknown Source)
	at java.lang.reflect.Method.invoke(Unknown Source)
	at sun.reflect.misc.Trampoline.invoke(Unknown Source)
	at sun.reflect.GeneratedMethodAccessor50.invoke(Unknown Source)
	at sun.reflect.DelegatingMethodAccessorImpl.invoke(Unknown Source)
	at java.lang.reflect.Method.invoke(Unknown Source)
	at sun.reflect.misc.MethodUtil.invoke(Unknown Source)
	at com.sun.jmx.mbeanserver.StandardMBeanIntrospector.invokeM2(Unknown Source)
	at com.sun.jmx.mbeanserver.StandardMBeanIntrospector.invokeM2(Unknown Source)
	at com.sun.jmx.mbeanserver.MBeanIntrospector.invokeM(Unknown Source)
	at com.sun.jmx.mbeanserver.PerInterface.invoke(Unknown Source)
	at com.sun.jmx.mbeanserver.MBeanSupport.invoke(Unknown Source)
	at javax.management.StandardMBean.invoke(Unknown Source)
	at com.sun.jmx.interceptor.DefaultMBeanServerInterceptor.invoke(Unknown Source)
	at com.sun.jmx.mbeanserver.JmxMBeanServer.invoke(Unknown Source)
	at com.ibm.ws.kernel.boot.jmx.service.MBeanServerForwarderDelegate.invoke(MBeanServerForwarderDelegate.java:196)
	at com.ibm.ws.jmx.internal.DelayedMBeanActivator.invoke(DelayedMBeanActivator.java:547)
	at com.ibm.ws.kernel.boot.jmx.internal.PlatformMBeanServer.invoke(PlatformMBeanServer.java:372)
	at javax.management.remote.rmi.RMIConnectionImpl.doOperation(Unknown Source)
	at javax.management.remote.rmi.RMIConnectionImpl.access$300(Unknown Source)
	at javax.management.remote.rmi.RMIConnectionImpl$PrivilegedOperation.run(Unknown Source)
	at javax.management.remote.rmi.RMIConnectionImpl.doPrivilegedOperation(Unknown Source)
	at javax.management.remote.rmi.RMIConnectionImpl.invoke(Unknown Source)
	at sun.reflect.GeneratedMethodAccessor49.invoke(Unknown Source)
	at sun.reflect.DelegatingMethodAccessorImpl.invoke(Unknown Source)
	at java.lang.reflect.Method.invoke(Unknown Source)
	at sun.rmi.server.UnicastServerRef.dispatch(Unknown Source)
	at sun.rmi.transport.Transport$1.run(Unknown Source)
	at sun.rmi.transport.Transport$1.run(Unknown Source)
	at java.security.AccessController.doPrivileged(Native Method)
	at sun.rmi.transport.Transport.serviceCall(Unknown Source)
	at sun.rmi.transport.tcp.TCPTransport.handleMessages(Unknown Source)
	at sun.rmi.transport.tcp.TCPTransport$ConnectionHandler.run0(Unknown Source)
	at sun.rmi.transport.tcp.TCPTransport$ConnectionHandler.lambda$run$0(Unknown Source)
	at java.security.AccessController.doPrivileged(Native Method)
	at sun.rmi.transport.tcp.TCPTransport$ConnectionHandler.run(Unknown Source)
	at java.util.concurrent.ThreadPoolExecutor.runWorker(Unknown Source)
	at java.util.concurrent.ThreadPoolExecutor$Worker.run(Unknown Source)
	at java.lang.Thread.run(Unknown Source)

Dump of callerThis
Object type = com.ibm.ws.artifact.loose.internal.LooseContainerFactoryHelper
  locationService = class com.ibm.ws.kernel.service.location.internal.WsLocationAdminImpl@58a1824
    tc = class com.ibm.websphere.ras.TraceComponent@14c8514b
      strings[0] = "TraceComponent[com.ibm.ws.kernel.service.location.internal.WsLocationAdminImpl,class com.ibm.ws.kernel.service.location.internal.WsLocationAdminImpl,[locationService],com.ibm.ws.kernel.service.location.internal.resources.LocServiceMessages,null]"
    LOC_INTERNAL_LIB_DIR = "wlp.lib.dir"
    LOC_AREA_NAME_APPS = "shared/apps/"
    LOC_AREA_NAME_CONFIG = "shared/config/"
    LOC_AREA_NAME_RESC = "shared/resources/"
    LOC_AREA_NAME_STATE = "logs/state/"
    LOC_AREA_NAME_SERVERS = "servers/"
    LOC_AREA_NAME_CLIENTS = "clients/"
    LOC_AREA_NAME_WORKING = "workarea/"
    LOC_AREA_NAME_EXTENSION = "extension/"
    instance = class com.ibm.ws.kernel.service.location.internal.WsLocationAdminImpl@58a1824
    installRoot = class com.ibm.ws.kernel.service.location.internal.SymbolicRootResource@3534b0c4
      strings[0] = "SymbolicRootResource[${wlp.install.dir}/=C:/Proyectos/runtime environment/]"
    installParentRoot = class com.ibm.ws.kernel.service.location.internal.SymbolicRootResource@5ae64035
      strings[0] = "SymbolicRootResource[${wlp.parent.dir}/=C:/Proyectos/]"
    userRoot = class com.ibm.ws.kernel.service.location.internal.SymbolicRootResource@13528615
      strings[0] = "SymbolicRootResource[${wlp.user.dir}/=C:/Proyectos/runtime environment/usr/]"
    usrExtensionRoot = class com.ibm.ws.kernel.service.location.internal.SymbolicRootResource@581f95ba
      strings[0] = "SymbolicRootResource[${usr.extension.dir}/=C:/Proyectos/runtime environment/usr/extension/]"
    serverConfigDir = class com.ibm.ws.kernel.service.location.internal.SymbolicRootResource@48bdbced
      strings[0] = "SymbolicRootResource[${server.config.dir}/=C:/Proyectos/runtime environment/usr/servers/PacketTecServer/]"
    serverOutputDir = class com.ibm.ws.kernel.service.location.internal.SymbolicRootResource@48bdbced
    bootstrapLib = class com.ibm.ws.kernel.service.location.internal.LocalFileResource@20b2ba27
      strings[0] = "LocalFileResource[DIRECTORY;@-1183280185;<undefined>;C:/Proyectos/runtime environment/lib/]"
    serverWorkarea = class com.ibm.ws.kernel.service.location.internal.LocalFileResource@2757e20a
      strings[0] = "LocalFileResource[DIRECTORY;@-1375657960;${server.config.dir}/workarea/;C:/Proyectos/runtime environment/usr/servers/PacketTecServer/workarea/]"
    serverState = class com.ibm.ws.kernel.service.location.internal.LocalFileResource@341111f
      strings[0] = "LocalFileResource[DIRECTORY;@1511007141;${server.config.dir}/logs/state/;C:/Proyectos/runtime environment/usr/servers/PacketTecServer/logs/state/]"
    sharedAppsRoot = class com.ibm.ws.kernel.service.location.internal.SymbolicRootResource@26be8f4e
      strings[0] = "SymbolicRootResource[${shared.app.dir}/=C:/Proyectos/runtime environment/usr/shared/apps/]"
    sharedConfigRoot = class com.ibm.ws.kernel.service.location.internal.SymbolicRootResource@13e86a3c
      strings[0] = "SymbolicRootResource[${shared.config.dir}/=C:/Proyectos/runtime environment/usr/shared/config/]"
    sharedResourceRoot = class com.ibm.ws.kernel.service.location.internal.SymbolicRootResource@b379df9
      strings[0] = "SymbolicRootResource[${shared.resource.dir}/=C:/Proyectos/runtime environment/usr/shared/resources/]"
    tmpRoot = class com.ibm.ws.kernel.service.location.internal.SymbolicRootResource@75ac69
      strings[0] = "SymbolicRootResource[${tmp}/=C:/Users/BRAYAN~3/AppData/Local/Temp/]"
    serverName = "PacketTecServer"
    resourcePaths = class java.util.ArrayList@526397d6
      serialVersionUID = 8683452581122892189
      DEFAULT_CAPACITY = 10
      EMPTY_ELEMENTDATA = class java.lang.Object[0]
      DEFAULTCAPACITY_EMPTY_ELEMENTDATA = class java.lang.Object[0]
      elementData = class java.lang.Object[3]
      size = 1
      MAX_ARRAY_SIZE = 2147483639
      modCount = 1
      MAX_ARRAY_SIZE = 2147483639
    resourceGroups = class java.util.HashMap@28abe2c
      serialVersionUID = 362498820763181265
      DEFAULT_INITIAL_CAPACITY = 16
      MAXIMUM_CAPACITY = 1073741824
      DEFAULT_LOAD_FACTOR = 0.75
      TREEIFY_THRESHOLD = 8
      UNTREEIFY_THRESHOLD = 6
      MIN_TREEIFY_CAPACITY = 64
      table = class java.util.HashMap$Node[16]
      entrySet = null
      size = 1
      modCount = 1
      threshold = 12
      loadFactor = 0.75
      keySet = null
      values = null
    commonRoot = class com.ibm.ws.kernel.service.location.internal.VirtualRootResource@356523d1
      strings[0] = "com.ibm.ws.kernel.service.location.internal.VirtualRootResource@356523d1"
    serialVersionUID = 7766352982799267432
  containerFactoryReference = class com.ibm.wsspi.kernel.service.utils.AtomicServiceReference@7accc27b
    referenceName = "containerFactory"
    tuple = class java.util.concurrent.atomic.AtomicReference@32f118e1
      serialVersionUID = -1848883965231344442
      unsafe = class sun.misc.Unsafe@4d945a02
      valueOffset = 12
      value = class com.ibm.wsspi.kernel.service.utils.AtomicServiceReference$ReferenceTuple@58238d8b
    serialVersionUID = 2226592364007985000
    $$$tc$$$ = class com.ibm.websphere.ras.TraceComponent@757143cf
      strings[0] = "TraceComponent[com.ibm.wsspi.kernel.service.utils.AtomicServiceReference,class com.ibm.wsspi.kernel.service.utils.AtomicServiceReference,[kernelUtils],com.ibm.ws.kernel.service.utils.resources.ServiceMessages,null]"
  ctx = class org.eclipse.osgi.internal.framework.BundleContextImpl@15a3b1ab
    findHookName = "org.osgi.framework.hooks.bundle.FindHook"
    valid = true
    bundle = class org.eclipse.osgi.internal.framework.EquinoxBundle@2a29e4f5
      equinoxContainer = class org.eclipse.osgi.internal.framework.EquinoxContainer@567b089b
      module = class org.eclipse.osgi.internal.framework.EquinoxBundle$EquinoxModule@712a2c2f
      monitor = class java.lang.Object@5b18ca8f
      context = class org.eclipse.osgi.internal.framework.BundleContextImpl@15a3b1ab
      signerInfos = null
      $SWITCH_TABLE$org$eclipse$osgi$container$Module$State = {1,2,3,4,5,6,7} /* array length = 7*/
    container = class org.eclipse.osgi.internal.framework.EquinoxContainer@567b089b
      NAME = "org.eclipse.osgi"
      secureAction = class org.eclipse.osgi.framework.util.SecureAction@56cd3e1a
      equinoxConfig = class org.eclipse.osgi.internal.framework.EquinoxConfiguration@26ff2dde
      logServices = class org.eclipse.osgi.internal.log.EquinoxLogServices@1618131
      storage = class org.eclipse.osgi.storage.Storage@1d865167
      packageAdmin = class org.eclipse.osgi.internal.framework.legacy.PackageAdminImpl@7389e460
      startLevel = class org.eclipse.osgi.internal.framework.legacy.StartLevelImpl@4c0b39e5
      bootDelegation = class java.util.HashSet@416e415c
      bootDelegationStems = class java.lang.String[12]
      bootDelegateAll = false
      eventPublisher = class org.eclipse.osgi.internal.framework.EquinoxEventPublisher@23d2a7e8
      monitor = class java.lang.Object@525a7e22
      serviceRegistry = class org.eclipse.osgi.internal.serviceregistry.ServiceRegistry@470ba19d
      contextFinder = class org.eclipse.osgi.internal.framework.ContextFinder@4806b293
      signedContentFactory = class org.osgi.util.tracker.ServiceTracker@74dc7c81
      executor = class java.util.concurrent.ScheduledThreadPoolExecutor@7bf490a0
      storageSaver = class org.eclipse.osgi.internal.framework.StorageSaver@7ade5a92
    debug = class org.eclipse.osgi.internal.debug.Debug@709f2136
      ECLIPSE_OSGI = "org.eclipse.osgi"
      OPTION_DEBUG_GENERAL = "org.eclipse.osgi/debug"
      OPTION_DEBUG_BUNDLE_TIME = "org.eclipse.osgi/debug/bundleTime"
      OPTION_DEBUG_LOADER = "org.eclipse.osgi/debug/loader"
      OPTION_DEBUG_STORAGE = "org.eclipse.osgi/debug/storage"
      OPTION_DEBUG_EVENTS = "org.eclipse.osgi/debug/events"
      OPTION_DEBUG_SERVICES = "org.eclipse.osgi/debug/services"
      OPTION_DEBUG_HOOKS = "org.eclipse.osgi/debug/hooks"
      OPTION_DEBUG_MANIFEST = "org.eclipse.osgi/debug/manifest"
      OPTION_DEBUG_FILTER = "org.eclipse.osgi/debug/filter"
      OPTION_DEBUG_SECURITY = "org.eclipse.osgi/debug/security"
      OPTION_DEBUG_STARTLEVEL = "org.eclipse.osgi/debug/startlevel"
      OPTION_DEBUG_PACKAGEADMIN = "org.eclipse.osgi/debug/packageadmin"
      OPTION_DEBUG_PACKAGEADMIN_TIMING = "org.eclipse.osgi/debug/packageadmin/timing"
      OPTION_MONITOR_ACTIVATION = "org.eclipse.osgi/monitor/activation"
      OPTION_MONITOR_LAZY = "org.eclipse.osgi/monitor/lazy"
      OPTION_DEBUG_MESSAGE_BUNDLES = "org.eclipse.osgi/debug/messageBundles"
      OPTION_DEBUG_LOCATION = "org.eclipse.osgi/debug/location"
      OPTION_CACHED_MANIFEST = "org.eclipse.osgi/debug/cachedmanifest"
      OPTION_DEBUG_SYSTEM_BUNDLE = "org.eclipse.osgi/debug/systemBundle"
      DEBUG_GENERAL = false
      DEBUG_BUNDLE_TIME = false
      DEBUG_LOADER = false
      DEBUG_STORAGE = false
      DEBUG_EVENTS = false
      DEBUG_SERVICES = false
      DEBUG_HOOKS = false
      DEBUG_MANIFEST = false
      DEBUG_FILTER = false
      DEBUG_SECURITY = false
      DEBUG_STARTLEVEL = false
      DEBUG_PACKAGEADMIN = false
      DEBUG_PACKAGEADMIN_TIMING = false
      DEBUG_MESSAGE_BUNDLES = false
      MONITOR_ACTIVATION = false
      DEBUG_LOCATION = false
      DEBUG_CACHED_MANIFEST = false
      DEBUG_SYSTEM_BUNDLE = false
      out = class com.ibm.ws.logging.internal.impl.BaseTraceService$TeePrintStream@2842b42d
    servicesInUse = class java.util.HashMap@46653b0c
      serialVersionUID = 362498820763181265
      DEFAULT_INITIAL_CAPACITY = 16
      MAXIMUM_CAPACITY = 1073741824
      DEFAULT_LOAD_FACTOR = 0.75
      TREEIFY_THRESHOLD = 8
      UNTREEIFY_THRESHOLD = 6
      MIN_TREEIFY_CAPACITY = 64
      table = class java.util.HashMap$Node[16]
      entrySet = null
      size = 4
      modCount = 4
      threshold = 12
      loadFactor = 0.75
      keySet = null
      values = null
    activator = null
    contextLock = class java.lang.Object@137b40dc
  tc = class com.ibm.websphere.ras.TraceComponent@1df38d09
    strings[0] = "TraceComponent[com.ibm.ws.artifact.loose.internal.LooseContainerFactoryHelper,class com.ibm.ws.artifact.loose.internal.LooseContainerFactoryHelper,[archive.artifact.xml],com.ibm.ws.artifact.loose.internal.resources.LooseApiMessages,null]"
  serialVersionUID = -6436244972857197695

Dump of objectArray[0]
Object type = java.io.File
  fs = class java.io.WinNTFileSystem@50048a3d
    slash = \
    altSlash = /
    semicolon = ;
    driveDirCache = class java.lang.String[26]
      driveDirCache[0] = null
      driveDirCache[1] = null
      driveDirCache[2] = null
      driveDirCache[3] = null
      driveDirCache[4] = null
      driveDirCache[5] = null
      driveDirCache[6] = null
      driveDirCache[7] = null
      driveDirCache[8] = null
      driveDirCache[9] = null
      driveDirCache[10] = null
      driveDirCache[11] = null
      driveDirCache[12] = null
      driveDirCache[13] = null
      driveDirCache[14] = null
      driveDirCache[15] = null
      driveDirCache[16] = null
      driveDirCache[17] = null
      driveDirCache[18] = null
      driveDirCache[19] = null
      driveDirCache[20] = null
      driveDirCache[21] = null
      driveDirCache[22] = null
      driveDirCache[23] = null
      driveDirCache[24] = null
      driveDirCache[25] = null
    cache = class java.io.ExpiringCache@6498e132
      millisUntilExpiration = 30000
      map = class java.io.ExpiringCache$1@505a6495
      queryCount = 58
      queryOverflow = 300
      MAX_ENTRIES = 200
    prefixCache = class java.io.ExpiringCache@27fff74
      millisUntilExpiration = 30000
      map = class java.io.ExpiringCache$1@1d0982c0
      queryCount = 208
      queryOverflow = 300
      MAX_ENTRIES = 200
    BA_EXISTS = 1
    BA_REGULAR = 2
    BA_DIRECTORY = 4
    BA_HIDDEN = 8
    ACCESS_READ = 4
    ACCESS_WRITE = 2
    ACCESS_EXECUTE = 1
    SPACE_TOTAL = 0
    SPACE_FREE = 1
    SPACE_USABLE = 2
    useCanonCaches = true
    useCanonPrefixCache = true
  path = "C:\Proyectos\runtime environment\usr\servers\PacketTecServer\workarea\org.eclipse.osgi\120\data\cache\com.ibm.ws.app.manager_47"
  status = class java.io.File$PathStatus@78c5eacc
    INVALID = class java.io.File$PathStatus@7bf469c6
      INVALID = class java.io.File$PathStatus@7bf469c6
      CHECKED = class java.io.File$PathStatus@78c5eacc
      $VALUES = class java.io.File$PathStatus[2]
      name = "INVALID"
      ordinal = 0
    CHECKED = class java.io.File$PathStatus@78c5eacc
    $VALUES = class java.io.File$PathStatus[2]
      $VALUES[0] = class java.io.File$PathStatus@7bf469c6
      $VALUES[1] = class java.io.File$PathStatus@78c5eacc
    name = "CHECKED"
    ordinal = 1
  prefixLength = 3
  separatorChar = \
  separator = "\"
  pathSeparatorChar = ;
  pathSeparator = ";"
  PATH_OFFSET = 16
  PREFIX_LENGTH_OFFSET = 12
  UNSAFE = class sun.misc.Unsafe@4d945a02
    theUnsafe = class sun.misc.Unsafe@4d945a02
    INVALID_FIELD_OFFSET = -1
    ARRAY_BOOLEAN_BASE_OFFSET = 16
    ARRAY_BYTE_BASE_OFFSET = 16
    ARRAY_SHORT_BASE_OFFSET = 16
    ARRAY_CHAR_BASE_OFFSET = 16
    ARRAY_INT_BASE_OFFSET = 16
    ARRAY_LONG_BASE_OFFSET = 16
    ARRAY_FLOAT_BASE_OFFSET = 16
    ARRAY_DOUBLE_BASE_OFFSET = 16
    ARRAY_OBJECT_BASE_OFFSET = 16
    ARRAY_BOOLEAN_INDEX_SCALE = 1
    ARRAY_BYTE_INDEX_SCALE = 1
    ARRAY_SHORT_INDEX_SCALE = 2
    ARRAY_CHAR_INDEX_SCALE = 2
    ARRAY_INT_INDEX_SCALE = 4
    ARRAY_LONG_INDEX_SCALE = 8
    ARRAY_FLOAT_INDEX_SCALE = 4
    ARRAY_DOUBLE_INDEX_SCALE = 8
    ARRAY_OBJECT_INDEX_SCALE = 4
    ADDRESS_SIZE = 8
  serialVersionUID = 301077366599181567
  filePath = null
  $assertionsDisabled = true

Dump of objectArray[1]
Object type = java.io.File
  fs = class java.io.WinNTFileSystem@50048a3d
    slash = \
    altSlash = /
    semicolon = ;
    driveDirCache = class java.lang.String[26]
      driveDirCache[0] = null
      driveDirCache[1] = null
      driveDirCache[2] = null
      driveDirCache[3] = null
      driveDirCache[4] = null
      driveDirCache[5] = null
      driveDirCache[6] = null
      driveDirCache[7] = null
      driveDirCache[8] = null
      driveDirCache[9] = null
      driveDirCache[10] = null
      driveDirCache[11] = null
      driveDirCache[12] = null
      driveDirCache[13] = null
      driveDirCache[14] = null
      driveDirCache[15] = null
      driveDirCache[16] = null
      driveDirCache[17] = null
      driveDirCache[18] = null
      driveDirCache[19] = null
      driveDirCache[20] = null
      driveDirCache[21] = null
      driveDirCache[22] = null
      driveDirCache[23] = null
      driveDirCache[24] = null
      driveDirCache[25] = null
    cache = class java.io.ExpiringCache@6498e132
      millisUntilExpiration = 30000
      map = class java.io.ExpiringCache$1@505a6495
      queryCount = 58
      queryOverflow = 300
      MAX_ENTRIES = 200
    prefixCache = class java.io.ExpiringCache@27fff74
      millisUntilExpiration = 30000
      map = class java.io.ExpiringCache$1@1d0982c0
      queryCount = 208
      queryOverflow = 300
      MAX_ENTRIES = 200
    BA_EXISTS = 1
    BA_REGULAR = 2
    BA_DIRECTORY = 4
    BA_HIDDEN = 8
    ACCESS_READ = 4
    ACCESS_WRITE = 2
    ACCESS_EXECUTE = 1
    SPACE_TOTAL = 0
    SPACE_FREE = 1
    SPACE_USABLE = 2
    useCanonCaches = true
    useCanonPrefixCache = true
  path = "C:\Proyectos\runtime environment\usr\servers\PacketTecServer\apps\tec.war.xml"
  status = class java.io.File$PathStatus@78c5eacc
    INVALID = class java.io.File$PathStatus@7bf469c6
      INVALID = class java.io.File$PathStatus@7bf469c6
      CHECKED = class java.io.File$PathStatus@78c5eacc
      $VALUES = class java.io.File$PathStatus[2]
      name = "INVALID"
      ordinal = 0
    CHECKED = class java.io.File$PathStatus@78c5eacc
    $VALUES = class java.io.File$PathStatus[2]
      $VALUES[0] = class java.io.File$PathStatus@7bf469c6
      $VALUES[1] = class java.io.File$PathStatus@78c5eacc
    name = "CHECKED"
    ordinal = 1
  prefixLength = 3
  separatorChar = \
  separator = "\"
  pathSeparatorChar = ;
  pathSeparator = ";"
  PATH_OFFSET = 16
  PREFIX_LENGTH_OFFSET = 12
  UNSAFE = class sun.misc.Unsafe@4d945a02
    theUnsafe = class sun.misc.Unsafe@4d945a02
    INVALID_FIELD_OFFSET = -1
    ARRAY_BOOLEAN_BASE_OFFSET = 16
    ARRAY_BYTE_BASE_OFFSET = 16
    ARRAY_SHORT_BASE_OFFSET = 16
    ARRAY_CHAR_BASE_OFFSET = 16
    ARRAY_INT_BASE_OFFSET = 16
    ARRAY_LONG_BASE_OFFSET = 16
    ARRAY_FLOAT_BASE_OFFSET = 16
    ARRAY_DOUBLE_BASE_OFFSET = 16
    ARRAY_OBJECT_BASE_OFFSET = 16
    ARRAY_BOOLEAN_INDEX_SCALE = 1
    ARRAY_BYTE_INDEX_SCALE = 1
    ARRAY_SHORT_INDEX_SCALE = 2
    ARRAY_CHAR_INDEX_SCALE = 2
    ARRAY_INT_INDEX_SCALE = 4
    ARRAY_LONG_INDEX_SCALE = 8
    ARRAY_FLOAT_INDEX_SCALE = 4
    ARRAY_DOUBLE_INDEX_SCALE = 8
    ARRAY_OBJECT_INDEX_SCALE = 4
    ADDRESS_SIZE = 8
  serialVersionUID = 301077366599181567
  filePath = null
  $assertionsDisabled = true

