------Start of DE processing------ = [24/11/17 00:26:51:750 CST]
Exception = javax.xml.stream.XMLStreamException
Source = com.ibm.ws.artifact.loose.internal.LooseContainerFactoryHelper
probeid = looseconfigxmlstream
Stack Dump = javax.xml.stream.XMLStreamException: ParseError at [row,col]:[3,42]
Message: Byte no válido 2 de la secuencia UTF-8 de 4 bytes
	at com.sun.org.apache.xerces.internal.impl.XMLStreamReaderImpl.next(Unknown Source)
	at com.sun.org.apache.xerces.internal.impl.XMLStreamReaderImpl.nextTag(Unknown Source)
	at com.ibm.ws.artifact.loose.internal.LooseContainerFactoryHelper.createContainer(LooseContainerFactoryHelper.java:80)
	at com.ibm.ws.artifact.internal.ArtifactContainerFactoryService$1.getContainer(ArtifactContainerFactoryService.java:180)
	at com.ibm.ws.artifact.internal.ArtifactContainerFactoryService.getContainerForReference(ArtifactContainerFactoryService.java:304)
	at com.ibm.ws.artifact.internal.ArtifactContainerFactoryService.getContainerForClassName(ArtifactContainerFactoryService.java:190)
	at com.ibm.ws.artifact.internal.ArtifactContainerFactoryService.getContainerForObjectClass(ArtifactContainerFactoryService.java:206)
	at com.ibm.ws.artifact.internal.ArtifactContainerFactoryService.getContainer(ArtifactContainerFactoryService.java:177)
	at com.ibm.ws.app.manager.internal.statemachine.ApplicationStateMachineImpl$ResolveFileCallback.setupContainer(ApplicationStateMachineImpl.java:595)
	at com.ibm.ws.app.manager.internal.statemachine.ResolveFileAction.findFile(ResolveFileAction.java:96)
	at com.ibm.ws.app.manager.internal.statemachine.ResolveFileAction.onChange(ResolveFileAction.java:206)
	at com.ibm.ws.app.manager.internal.statemachine.ResolveFileAction.onBaseline(ResolveFileAction.java:199)
	at com.ibm.ws.kernel.filemonitor.internal.MonitorHolder.init(MonitorHolder.java:406)
	at com.ibm.ws.kernel.filemonitor.internal.CoreServiceImpl.setMonitor(CoreServiceImpl.java:224)
	at sun.reflect.NativeMethodAccessorImpl.invoke0(Native Method)
	at sun.reflect.NativeMethodAccessorImpl.invoke(Unknown Source)
	at sun.reflect.DelegatingMethodAccessorImpl.invoke(Unknown Source)
	at java.lang.reflect.Method.invoke(Unknown Source)
	at org.apache.felix.scr.impl.inject.BaseMethod.invokeMethod(BaseMethod.java:224)
	at org.apache.felix.scr.impl.inject.BaseMethod.access$500(BaseMethod.java:39)
	at org.apache.felix.scr.impl.inject.BaseMethod$Resolved.invoke(BaseMethod.java:617)
	at org.apache.felix.scr.impl.inject.BaseMethod.invoke(BaseMethod.java:501)
	at org.apache.felix.scr.impl.inject.BindMethod.invoke(BindMethod.java:655)
	at org.apache.felix.scr.impl.manager.DependencyManager.doInvokeBindMethod(DependencyManager.java:1722)
	at org.apache.felix.scr.impl.manager.DependencyManager.invokeBindMethod(DependencyManager.java:1699)
	at org.apache.felix.scr.impl.manager.SingleComponentManager.invokeBindMethod(SingleComponentManager.java:372)
	at org.apache.felix.scr.impl.manager.DependencyManager$MultipleDynamicCustomizer.addedService(DependencyManager.java:320)
	at org.apache.felix.scr.impl.manager.DependencyManager$MultipleDynamicCustomizer.addedService(DependencyManager.java:291)
	at org.apache.felix.scr.impl.manager.ServiceTracker$Tracked.customizerAdded(ServiceTracker.java:1215)
	at org.apache.felix.scr.impl.manager.ServiceTracker$Tracked.customizerAdded(ServiceTracker.java:1136)
	at org.apache.felix.scr.impl.manager.ServiceTracker$AbstractTracked.trackAdding(ServiceTracker.java:945)
	at org.apache.felix.scr.impl.manager.ServiceTracker$AbstractTracked.track(ServiceTracker.java:881)
	at org.apache.felix.scr.impl.manager.ServiceTracker$Tracked.serviceChanged(ServiceTracker.java:1167)
	at org.apache.felix.scr.impl.BundleComponentActivator$ListenerInfo.serviceChanged(BundleComponentActivator.java:127)
	at org.eclipse.osgi.internal.serviceregistry.FilteredServiceListener.serviceChanged(FilteredServiceListener.java:109)
	at org.eclipse.osgi.internal.framework.BundleContextImpl.dispatchEvent(BundleContextImpl.java:915)
	at org.eclipse.osgi.framework.eventmgr.EventManager.dispatchEvent(EventManager.java:230)
	at org.eclipse.osgi.framework.eventmgr.ListenerQueue.dispatchEventSynchronous(ListenerQueue.java:148)
	at org.eclipse.osgi.internal.serviceregistry.ServiceRegistry.publishServiceEventPrivileged(ServiceRegistry.java:862)
	at org.eclipse.osgi.internal.serviceregistry.ServiceRegistry.publishServiceEvent(ServiceRegistry.java:801)
	at org.eclipse.osgi.internal.serviceregistry.ServiceRegistrationImpl.register(ServiceRegistrationImpl.java:127)
	at org.eclipse.osgi.internal.serviceregistry.ServiceRegistry.registerService(ServiceRegistry.java:225)
	at org.eclipse.osgi.internal.framework.BundleContextImpl.registerService(BundleContextImpl.java:464)
	at org.eclipse.osgi.internal.framework.BundleContextImpl.registerService(BundleContextImpl.java:482)
	at org.eclipse.osgi.internal.framework.BundleContextImpl.registerService(BundleContextImpl.java:999)
	at com.ibm.ws.app.manager.internal.lifecycle.ServiceReg.register(ServiceReg.java:78)
	at com.ibm.ws.app.manager.internal.statemachine.ResolveFileAction.execute(ResolveFileAction.java:170)
	at com.ibm.ws.app.manager.internal.statemachine.ApplicationStateMachineImpl.enterState(ApplicationStateMachineImpl.java:1236)
	at com.ibm.ws.app.manager.internal.statemachine.ApplicationStateMachineImpl.run(ApplicationStateMachineImpl.java:873)
	at java.util.concurrent.ThreadPoolExecutor.runWorker(Unknown Source)
	at java.util.concurrent.ThreadPoolExecutor$Worker.run(Unknown Source)
	at java.lang.Thread.run(Unknown Source)

Dump of callerThis
null
